<?xml version="1.0" encoding="UTF-8"?>
<testsuite name="accounts.integration.test" tests="1" failures="0" time="0.900">
  <testcase classname="integration" name="accounts.integration.test.js" time="0.900">
    
    <system-out><![CDATA[]]></system-out>
    <system-err><![CDATA[PASS tests/integration/accounts.integration.test.js
  Integration - accounts API (account_type mapping)
    ✓ POST /api/accounts accepts legacy free-text type and resolves to account_type_id (14 ms)

Test Suites: 1 passed, 1 total
Tests:       1 passed, 1 total
Snapshots:   0 total
Time:        0.226 s
Ran all test suites matching /tests\/integration\/accounts.integration.test.js/i.
]]></system-err>
  </testcase>
</testsuite>
