<?xml version="1.0" encoding="UTF-8"?>
<testsuite name="fetch-price-integration.test" tests="1" failures="0" time="0.706">
  <testcase classname="integration" name="fetch-price-integration.test.js" time="0.706">
    
    <system-out><![CDATA[]]></system-out>
    <system-err><![CDATA[Test Suites: 1 skipped, 0 of 1 total
Tests:       8 skipped, 8 total
Snapshots:   0 total
Time:        0.14 s
Ran all test suites matching /tests\/integration\/fetch-price-integration.test.js/i.
]]></system-err>
  </testcase>
</testsuite>
