<?xml version="1.0" encoding="UTF-8"?>
<testsuite name="listing_sync_e2e.test" tests="1" failures="0" time="0.924">
  <testcase classname="integration" name="listing_sync_e2e.test.js" time="0.924">
    
    <system-out><![CDATA[]]></system-out>
    <system-err><![CDATA[PASS tests/integration/listing_sync_e2e.test.js
  Listing Sync E2E (Phase 9)
    ✓ skip reason (informational) (1 ms)
    end-to-end flow
      ✓ GET /health returns ok
      ✓ POST /sync/file/NASDAQ syncs fixture rows and /lookup can retrieve

Test Suites: 1 passed, 1 total
Tests:       3 passed, 3 total
Snapshots:   0 total
Time:        0.234 s
Ran all test suites matching /tests\/integration\/listing_sync_e2e.test.js/i.
]]></system-err>
  </testcase>
</testsuite>
