<?xml version="1.0" encoding="UTF-8"?>
<testsuite name="metadata_population.test" tests="1" failures="0" time="0.046">
  <testcase classname="integration" name="metadata_population.test.js" time="0.046">
    
    <system-out><![CDATA[============================================================
METADATA POPULATION INTEGRATION TESTS
============================================================

SKIPPED: Missing required environment variables: MYSQL_USER, MYSQL_PASSWORD, MYSQL_DATABASE
Set these variables to run the tests.

============================================================
Passed: 0 ✓ (skipped)
Failed: 0 ✗
============================================================
]]></system-out>
    <system-err><![CDATA[]]></system-err>
  </testcase>
</testsuite>
