<?xml version="1.0" encoding="UTF-8"?>
<testsuite name="ttm_weekly_monthly.test" tests="1" failures="1" time="0.044">
  <testcase classname="integration" name="ttm_weekly_monthly.test.js" time="0.044">
    <failure message="Exit code 1"><![CDATA[/Users/gene/wealth-tracker/tests/integration/ttm_weekly_monthly.test.js:12
const describeDb = RUN_DB_TESTS ? describe : describe.skip;
                                             ^

ReferenceError: describe is not defined
    at Object.&lt;anonymous&gt; (/Users/gene/wealth-tracker/tests/integration/ttm_weekly_monthly.test.js:12:46)
    at Module._compile (node:internal/modules/cjs/loader:1760:14)
    at Object..js (node:internal/modules/cjs/loader:1892:10)
    at Module.load (node:internal/modules/cjs/loader:1480:32)
    at Module._load (node:internal/modules/cjs/loader:1299:12)
    at TracingChannel.traceSync (node:diagnostics_channel:328:14)
    at wrapModuleLoad (node:internal/modules/cjs/loader:245:24)
    at Module.executeUserEntryPoint [as runMain] (node:internal/modules/run_main:154:5)
    at node:internal/main/run_main_module:33:47

Node.js v25.2.1

]]></failure>
    <system-out><![CDATA[]]></system-out>
    <system-err><![CDATA[/Users/gene/wealth-tracker/tests/integration/ttm_weekly_monthly.test.js:12
const describeDb = RUN_DB_TESTS ? describe : describe.skip;
                                             ^

ReferenceError: describe is not defined
    at Object.&lt;anonymous&gt; (/Users/gene/wealth-tracker/tests/integration/ttm_weekly_monthly.test.js:12:46)
    at Module._compile (node:internal/modules/cjs/loader:1760:14)
    at Object..js (node:internal/modules/cjs/loader:1892:10)
    at Module.load (node:internal/modules/cjs/loader:1480:32)
    at Module._load (node:internal/modules/cjs/loader:1299:12)
    at TracingChannel.traceSync (node:diagnostics_channel:328:14)
    at wrapModuleLoad (node:internal/modules/cjs/loader:245:24)
    at Module.executeUserEntryPoint [as runMain] (node:internal/modules/run_main:154:5)
    at node:internal/main/run_main_module:33:47

Node.js v25.2.1
]]></system-err>
  </testcase>
</testsuite>
