<?xml version="1.0" encoding="UTF-8"?>
<testsuite name="ttm_eps_adjusted.test" tests="1" failures="0" time="0.240">
  <testcase classname="integration" name="ttm_eps_adjusted.test.js" time="0.240">
    
    <system-out><![CDATA[
[TEST] Running backfill_adjusted_eps.js --symbol=TTM_EPS_ADJ --apply
[APPLY] Backfill adjusted_eps
Found 4 earnings rows to process
Updated id=73 adjusted_eps=0.500000
Updated id=74 adjusted_eps=0.550000
Updated id=75 adjusted_eps=0.600000
Updated id=76 adjusted_eps=0.600000
Backfill adjusted EPS complete.

[TEST] Running recompute_ttm.js --symbol=TTM_EPS_ADJ --apply
Updated TTM_EPS_ADJ: ttm_dividend_amount=null ttm_eps=2.25
TTM recompute complete.
[OK] Adjusted EPS TTM validated for TTM_EPS_ADJ value= 2.25

[TEST] Completed successfully
]]></system-out>
    <system-err><![CDATA[(node:97985) [DEP0190] DeprecationWarning: Passing args to a child process with shell option true can lead to security vulnerabilities, as the arguments are not escaped, only concatenated.
(Use `node --trace-deprecation ...` to show where the warning was created)
]]></system-err>
  </testcase>
</testsuite>
