<?xml version="1.0" encoding="UTF-8"?>
<testsuite name="watchlist_instance_crud.test" tests="1" failures="0" time="0.822">
  <testcase classname="integration" name="watchlist_instance_crud.test.js" time="0.822">
    
    <system-out><![CDATA[]]></system-out>
    <system-err><![CDATA[PASS tests/integration/watchlist_instance_crud.test.js
  Watchlist Instance CRUD Integration Test
    ✓ should create, read, update, and delete a watchlist instance
    ✓ should handle multiple watchlist instances for same provider
    ✓ should enforce unique constraint on (provider_id, watchlist_key)
    ✓ should load watchlist instances via WatchlistConfigLoader

Test Suites: 1 passed, 1 total
Tests:       4 passed, 4 total
Snapshots:   0 total
Time:        0.145 s
Ran all test suites matching /tests\/integration\/watchlist_instance_crud.test.js/i.
]]></system-err>
  </testcase>
</testsuite>
