TN:
SF:api/autocomplete.js
FN:17,initializePool
FN:24,requirePool
FN:60,(anonymous_2)
FN:119,(anonymous_3)
FN:180,(anonymous_4)
FN:213,(anonymous_5)
FN:248,(anonymous_6)
FN:296,(anonymous_7)
FN:308,(anonymous_8)
FN:308,(anonymous_9)
FN:348,(anonymous_10)
FNF:11
FNH:11
FNDA:32,initializePool
FNDA:30,requirePool
FNDA:9,(anonymous_2)
FNDA:4,(anonymous_3)
FNDA:2,(anonymous_4)
FNDA:4,(anonymous_5)
FNDA:4,(anonymous_6)
FNDA:5,(anonymous_7)
FNDA:8,(anonymous_8)
FNDA:8,(anonymous_9)
FNDA:1,(anonymous_10)
DA:5,1
DA:6,1
DA:7,1
DA:8,1
DA:11,1
DA:18,32
DA:25,30
DA:26,1
DA:31,29
DA:60,1
DA:61,9
DA:63,9
DA:64,2
DA:70,7
DA:71,7
DA:73,7
DA:78,7
DA:80,5
DA:88,2
DA:89,2
DA:119,1
DA:120,4
DA:122,4
DA:123,0
DA:129,4
DA:130,4
DA:131,4
DA:133,3
DA:134,1
DA:141,2
DA:147,1
DA:148,1
DA:180,1
DA:181,2
DA:182,2
DA:183,2
DA:185,1
DA:191,1
DA:192,1
DA:213,1
DA:214,4
DA:215,4
DA:216,4
DA:217,4
DA:219,3
DA:226,1
DA:227,1
DA:248,1
DA:249,4
DA:251,4
DA:252,0
DA:258,4
DA:259,4
DA:260,4
DA:262,3
DA:270,1
DA:271,1
DA:296,1
DA:297,5
DA:299,5
DA:300,2
DA:306,3
DA:307,3
DA:308,8
DA:310,3
DA:311,3
DA:312,8
DA:313,8
DA:314,7
DA:316,1
DA:320,3
DA:328,0
DA:329,0
DA:348,1
DA:349,1
DA:357,1
LF:76
LH:72
BRDA:25,0,0,1
BRDA:25,0,1,29
BRDA:63,1,0,2
BRDA:63,1,1,7
BRDA:63,2,0,9
BRDA:63,2,1,8
BRDA:74,3,0,7
BRDA:74,3,1,5
BRDA:75,4,0,7
BRDA:75,4,1,6
BRDA:120,5,0,4
BRDA:120,5,1,0
BRDA:122,6,0,0
BRDA:122,6,1,4
BRDA:133,7,0,1
BRDA:133,7,1,2
BRDA:215,8,0,4
BRDA:215,8,1,2
BRDA:249,9,0,4
BRDA:249,9,1,0
BRDA:251,10,0,0
BRDA:251,10,1,4
BRDA:299,11,0,2
BRDA:299,11,1,3
BRDA:299,12,0,5
BRDA:299,12,1,4
BRDA:308,13,0,8
BRDA:308,13,1,0
BRF:28
BRH:23
end_of_record
TN:
SF:api/cleanup.js
FN:20,initializePool
FN:36,(anonymous_1)
FN:75,(anonymous_2)
FN:92,(anonymous_3)
FN:125,(anonymous_4)
FN:186,(anonymous_5)
FN:268,(anonymous_6)
FNF:7
FNH:7
FNDA:16,initializePool
FNDA:6,(anonymous_1)
FNDA:3,(anonymous_2)
FNDA:3,(anonymous_3)
FNDA:2,(anonymous_4)
FNDA:3,(anonymous_5)
FNDA:4,(anonymous_6)
DA:11,1
DA:12,1
DA:14,1
DA:21,16
DA:36,1
DA:37,6
DA:38,6
DA:39,1
DA:45,5
DA:46,5
DA:49,5
DA:50,5
DA:53,5
DA:60,5
DA:62,5
DA:63,1
DA:64,1
DA:68,5
DA:75,4
DA:78,4
DA:79,4
DA:80,3
DA:85,3
DA:88,4
DA:92,3
DA:100,5
DA:101,5
DA:106,1
DA:107,1
DA:125,1
DA:126,2
DA:127,2
DA:128,0
DA:134,2
DA:137,2
DA:138,2
DA:140,2
DA:144,2
DA:146,2
DA:147,1
DA:148,1
DA:151,2
DA:153,2
DA:161,2
DA:162,2
DA:167,0
DA:168,0
DA:186,1
DA:187,3
DA:188,3
DA:189,0
DA:195,3
DA:198,3
DA:199,3
DA:202,3
DA:222,3
DA:230,3
DA:235,3
DA:244,3
DA:245,3
DA:250,0
DA:251,0
DA:268,1
DA:269,4
DA:270,4
DA:271,0
DA:278,4
DA:279,4
DA:282,4
DA:291,3
DA:301,3
DA:311,3
DA:312,3
DA:314,3
DA:327,4
DA:328,4
DA:333,1
DA:334,1
DA:342,1
LF:79
LH:72
BRDA:38,0,0,1
BRDA:38,0,1,5
BRDA:45,1,0,1
BRDA:45,1,1,4
BRDA:46,2,0,5
BRDA:46,2,1,4
BRDA:62,3,0,1
BRDA:62,3,1,4
BRDA:79,4,0,3
BRDA:79,4,1,1
BRDA:100,5,0,5
BRDA:100,5,1,0
BRDA:127,6,0,0
BRDA:127,6,1,2
BRDA:134,7,0,1
BRDA:134,7,1,1
BRDA:146,8,0,1
BRDA:146,8,1,1
BRDA:161,9,0,2
BRDA:161,9,1,0
BRDA:188,10,0,0
BRDA:188,10,1,3
BRDA:195,11,0,3
BRDA:195,11,1,2
BRDA:244,12,0,3
BRDA:244,12,1,0
BRDA:270,13,0,0
BRDA:270,13,1,4
BRDA:311,14,0,3
BRDA:311,14,1,1
BRDA:312,15,0,3
BRDA:312,15,1,2
BRDA:327,16,0,4
BRDA:327,16,1,0
BRF:34
BRH:27
end_of_record
TN:
SF:api/metadata.js
FN:13,getDbConnection
FN:24,fetchMetadataForSymbol
FN:55,(anonymous_2)
FN:86,(anonymous_3)
FN:104,(anonymous_4)
FN:178,(anonymous_5)
FN:206,(anonymous_6)
FN:229,(anonymous_7)
FN:277,(anonymous_8)
FN:282,(anonymous_9)
FN:283,(anonymous_10)
FN:284,(anonymous_11)
FN:301,(anonymous_12)
FN:314,(anonymous_13)
FNF:14
FNH:0
FNDA:0,getDbConnection
FNDA:0,fetchMetadataForSymbol
FNDA:0,(anonymous_2)
FNDA:0,(anonymous_3)
FNDA:0,(anonymous_4)
FNDA:0,(anonymous_5)
FNDA:0,(anonymous_6)
FNDA:0,(anonymous_7)
FNDA:0,(anonymous_8)
FNDA:0,(anonymous_9)
FNDA:0,(anonymous_10)
FNDA:0,(anonymous_11)
FNDA:0,(anonymous_12)
FNDA:0,(anonymous_13)
DA:5,0
DA:6,0
DA:7,0
DA:8,0
DA:9,0
DA:10,0
DA:14,0
DA:25,0
DA:26,0
DA:30,0
DA:31,0
DA:33,0
DA:35,0
DA:39,0
DA:40,0
DA:42,0
DA:43,0
DA:44,0
DA:46,0
DA:55,0
DA:56,0
DA:57,0
DA:59,0
DA:61,0
DA:71,0
DA:73,0
DA:79,0
DA:86,0
DA:87,0
DA:88,0
DA:93,0
DA:95,0
DA:104,0
DA:105,0
DA:107,0
DA:108,0
DA:111,0
DA:112,0
DA:114,0
DA:116,0
DA:121,0
DA:123,0
DA:133,0
DA:140,0
DA:141,0
DA:143,0
DA:144,0
DA:151,0
DA:161,0
DA:167,0
DA:169,0
DA:178,0
DA:179,0
DA:181,0
DA:182,0
DA:185,0
DA:187,0
DA:189,0
DA:206,0
DA:214,0
DA:217,0
DA:218,0
DA:220,0
DA:229,0
DA:230,0
DA:232,0
DA:233,0
DA:236,0
DA:237,0
DA:239,0
DA:240,0
DA:241,0
DA:244,0
DA:249,0
DA:250,0
DA:255,0
DA:259,0
DA:260,0
DA:262,0
DA:263,0
DA:269,0
DA:277,0
DA:280,0
DA:282,0
DA:283,0
DA:284,0
DA:287,0
DA:290,0
DA:292,0
DA:301,0
DA:302,0
DA:304,0
DA:305,0
DA:314,0
DA:316,0
DA:322,0
DA:324,0
DA:328,0
LF:98
LH:0
BRDA:15,0,0,0
BRDA:15,0,1,0
BRDA:16,1,0,0
BRDA:16,1,1,0
BRDA:43,2,0,0
BRDA:43,2,1,0
BRDA:71,3,0,0
BRDA:71,3,1,0
BRDA:87,4,0,0
BRDA:87,4,1,0
BRDA:107,5,0,0
BRDA:107,5,1,0
BRDA:121,6,0,0
BRDA:121,6,1,0
BRDA:143,7,0,0
BRDA:143,7,1,0
BRDA:163,8,0,0
BRDA:163,8,1,0
BRDA:179,9,0,0
BRDA:179,9,1,0
BRDA:181,10,0,0
BRDA:181,10,1,0
BRDA:208,11,0,0
BRDA:208,11,1,0
BRDA:232,12,0,0
BRDA:232,12,1,0
BRDA:232,13,0,0
BRDA:232,13,1,0
BRDA:249,14,0,0
BRDA:249,14,1,0
BRDA:262,15,0,0
BRDA:262,15,1,0
BRF:32
BRH:0
end_of_record
TN:
SF:api/metrics.js
FN:14,initializePool
FN:21,requirePool
FN:35,(anonymous_2)
FN:122,(anonymous_3)
FN:156,(anonymous_4)
FN:194,(anonymous_5)
FN:215,(anonymous_6)
FN:227,(anonymous_7)
FN:246,(anonymous_8)
FN:321,(anonymous_9)
FN:410,(anonymous_10)
FN:439,(anonymous_11)
FNF:12
FNH:12
FNDA:19,initializePool
FNDA:19,requirePool
FNDA:5,(anonymous_2)
FNDA:3,(anonymous_3)
FNDA:4,(anonymous_4)
FNDA:3,(anonymous_5)
FNDA:7,(anonymous_6)
FNDA:6,(anonymous_7)
FNDA:2,(anonymous_8)
FNDA:4,(anonymous_9)
FNDA:2,(anonymous_10)
FNDA:5,(anonymous_11)
DA:5,1
DA:6,1
DA:9,1
DA:15,19
DA:22,19
DA:23,0
DA:28,19
DA:35,1
DA:37,5
DA:38,5
DA:41,5
DA:60,3
DA:75,3
DA:84,3
DA:90,3
DA:107,2
DA:108,2
DA:113,5
DA:122,1
DA:123,3
DA:124,3
DA:127,3
DA:128,3
DA:130,3
DA:143,3
DA:145,3
DA:146,1
DA:147,1
DA:150,3
DA:152,3
DA:155,3
DA:156,3
DA:157,4
DA:158,4
DA:159,3
DA:161,4
DA:170,3
DA:180,0
DA:181,0
DA:186,3
DA:194,1
DA:196,3
DA:197,3
DA:199,3
DA:215,7
DA:224,3
DA:227,6
DA:232,0
DA:233,0
DA:238,3
DA:246,1
DA:255,2
DA:257,2
DA:258,1
DA:265,1
DA:266,1
DA:268,1
DA:300,1
DA:307,0
DA:308,0
DA:313,1
DA:321,1
DA:330,4
DA:332,4
DA:333,1
DA:339,3
DA:340,3
DA:342,3
DA:343,1
DA:349,2
DA:350,1
DA:357,1
DA:358,1
DA:360,1
DA:389,1
DA:396,0
DA:397,0
DA:402,1
DA:410,1
DA:411,2
DA:414,2
DA:415,2
DA:418,2
DA:428,2
DA:439,5
DA:440,2
DA:441,2
DA:443,2
DA:453,0
DA:454,0
DA:459,2
DA:463,1
LF:92
LH:81
BRDA:22,0,0,0
BRDA:22,0,1,19
BRDA:93,1,0,3
BRDA:93,1,1,1
BRDA:94,2,0,3
BRDA:94,2,1,1
BRDA:95,3,0,2
BRDA:95,3,1,1
BRDA:98,4,0,3
BRDA:98,4,1,1
BRDA:99,5,0,3
BRDA:99,5,1,2
BRDA:113,6,0,5
BRDA:113,6,1,0
BRDA:123,7,0,3
BRDA:123,7,1,2
BRDA:145,8,0,1
BRDA:145,8,1,2
BRDA:158,9,0,3
BRDA:158,9,1,1
BRDA:173,10,0,3
BRDA:173,10,1,2
BRDA:186,11,0,3
BRDA:186,11,1,0
BRDA:218,12,0,7
BRDA:218,12,1,0
BRDA:219,13,0,3
BRDA:219,13,1,4
BRDA:227,14,0,2
BRDA:227,14,1,1
BRDA:238,15,0,3
BRDA:238,15,1,0
BRDA:257,16,0,1
BRDA:257,16,1,1
BRDA:292,17,0,1
BRDA:292,17,1,0
BRDA:293,18,0,1
BRDA:293,18,1,0
BRDA:294,19,0,1
BRDA:294,19,1,0
BRDA:295,20,0,1
BRDA:295,20,1,0
BRDA:296,21,0,1
BRDA:296,21,1,1
BRDA:297,22,0,1
BRDA:297,22,1,1
BRDA:313,23,0,1
BRDA:313,23,1,0
BRDA:332,24,0,1
BRDA:332,24,1,3
BRDA:332,25,0,4
BRDA:332,25,1,3
BRDA:342,26,0,1
BRDA:342,26,1,2
BRDA:349,27,0,1
BRDA:349,27,1,1
BRDA:381,28,0,1
BRDA:381,28,1,0
BRDA:383,29,0,1
BRDA:383,29,1,1
BRDA:384,30,0,1
BRDA:384,30,1,0
BRDA:385,31,0,1
BRDA:385,31,1,0
BRDA:386,32,0,1
BRDA:386,32,1,1
BRDA:402,33,0,1
BRDA:402,33,1,0
BRDA:411,34,0,2
BRDA:411,34,1,1
BRDA:440,35,0,2
BRDA:440,35,1,0
BRDA:459,36,0,2
BRDA:459,36,1,0
BRF:74
BRH:58
end_of_record
TN:
SF:api/statistics.js
FN:20,initializePool
FN:29,(anonymous_1)
FN:39,(anonymous_2)
FN:45,(anonymous_3)
FN:120,(anonymous_4)
FN:143,(anonymous_5)
FN:152,(anonymous_6)
FN:153,(anonymous_7)
FN:180,(anonymous_8)
FN:244,(anonymous_9)
FN:289,(anonymous_10)
FN:359,(anonymous_11)
FN:372,(anonymous_12)
FNF:13
FNH:13
FNDA:37,initializePool
FNDA:17,(anonymous_1)
FNDA:6,(anonymous_2)
FNDA:6,(anonymous_3)
FNDA:4,(anonymous_4)
FNDA:5,(anonymous_5)
FNDA:5,(anonymous_6)
FNDA:5,(anonymous_7)
FNDA:4,(anonymous_8)
FNDA:4,(anonymous_9)
FNDA:5,(anonymous_10)
FNDA:3,(anonymous_11)
FNDA:3,(anonymous_12)
DA:11,1
DA:12,1
DA:14,1
DA:21,37
DA:29,1
DA:30,17
DA:31,0
DA:35,17
DA:36,17
DA:39,15
DA:40,15
DA:41,15
DA:42,15
DA:44,15
DA:45,6
DA:46,4
DA:47,4
DA:48,4
DA:51,15
DA:52,13
DA:54,13
DA:55,13
DA:56,13
DA:57,13
DA:60,13
DA:68,13
DA:77,13
DA:78,13
DA:79,13
DA:82,13
DA:84,13
DA:109,4
DA:110,4
DA:112,17
DA:120,1
DA:121,4
DA:122,0
DA:126,4
DA:127,4
DA:130,4
DA:143,5
DA:152,5
DA:153,5
DA:154,3
DA:156,3
DA:169,1
DA:170,1
DA:172,4
DA:180,1
DA:181,4
DA:182,0
DA:186,4
DA:187,4
DA:189,4
DA:192,4
DA:197,3
DA:198,1
DA:202,2
DA:213,2
DA:214,0
DA:217,2
DA:218,2
DA:226,2
DA:232,1
DA:233,1
DA:235,4
DA:244,1
DA:245,4
DA:246,0
DA:249,4
DA:250,4
DA:251,1
DA:255,3
DA:256,3
DA:257,3
DA:260,3
DA:267,2
DA:269,2
DA:277,1
DA:278,1
DA:280,3
DA:289,1
DA:290,5
DA:291,0
DA:294,5
DA:295,5
DA:296,1
DA:300,4
DA:301,4
DA:302,4
DA:305,4
DA:308,4
DA:317,4
DA:325,2
DA:332,2
DA:334,2
DA:341,2
DA:342,2
DA:343,2
DA:344,2
DA:346,1
DA:349,2
DA:351,4
DA:359,1
DA:360,3
DA:361,0
DA:365,3
DA:366,3
DA:368,3
DA:372,3
DA:374,2
DA:381,1
DA:382,1
DA:384,3
DA:388,1
LF:115
LH:108
BRDA:30,0,0,0
BRDA:30,0,1,17
BRDA:39,1,0,4
BRDA:39,1,1,11
BRDA:44,2,0,4
BRDA:44,2,1,11
BRDA:44,3,0,15
BRDA:44,3,1,4
BRDA:51,4,0,15
BRDA:51,4,1,11
BRDA:52,5,0,13
BRDA:52,5,1,9
BRDA:57,6,0,11
BRDA:57,6,1,2
BRDA:78,7,0,13
BRDA:78,7,1,4
BRDA:79,8,0,13
BRDA:79,8,1,4
BRDA:82,9,0,8
BRDA:82,9,1,5
BRDA:95,10,0,8
BRDA:95,10,1,5
BRDA:103,11,0,4
BRDA:103,11,1,9
BRDA:104,12,0,13
BRDA:104,12,1,9
BRDA:112,13,0,15
BRDA:112,13,1,2
BRDA:121,14,0,0
BRDA:121,14,1,4
BRDA:144,15,0,5
BRDA:144,15,1,0
BRDA:148,16,0,5
BRDA:148,16,1,0
BRDA:154,17,0,3
BRDA:154,17,1,0
BRDA:172,18,0,4
BRDA:172,18,1,0
BRDA:181,19,0,0
BRDA:181,19,1,4
BRDA:197,20,0,1
BRDA:197,20,1,2
BRDA:213,21,0,0
BRDA:213,21,1,2
BRDA:223,22,0,2
BRDA:223,22,1,0
BRDA:235,23,0,4
BRDA:235,23,1,0
BRDA:245,24,0,0
BRDA:245,24,1,4
BRDA:250,25,0,1
BRDA:250,25,1,3
BRDA:280,26,0,3
BRDA:280,26,1,0
BRDA:290,27,0,0
BRDA:290,27,1,5
BRDA:295,28,0,1
BRDA:295,28,1,4
BRDA:342,29,0,2
BRDA:342,29,1,0
BRDA:351,30,0,4
BRDA:351,30,1,0
BRDA:360,31,0,0
BRDA:360,31,1,3
BRDA:384,32,0,3
BRDA:384,32,1,0
BRF:66
BRH:49
end_of_record
TN:
SF:dashboard/config.js
FNF:0
FNH:0
DA:3,0
DA:4,0
DA:5,0
DA:7,0
LF:4
LH:0
BRDA:3,0,0,0
BRDA:3,0,1,0
BRDA:4,1,0,0
BRDA:4,1,1,0
BRDA:5,2,0,0
BRDA:5,2,1,0
BRF:6
BRH:0
end_of_record
TN:
SF:dashboard/server.js
FN:108,getSourcePriorityRank
FN:120,shouldAcceptIncomingPrevClose
FN:180,(anonymous_2)
FN:189,(anonymous_3)
FN:201,fetchInitialPrices
FN:217,(anonymous_5)
FN:244,(anonymous_6)
FN:252,runDatabaseMigrations
FN:312,initializeSymbolRegistry
FN:332,ensureSchema
FN:350,fetchAssetsFromDB
FN:403,(anonymous_11)
FN:459,loadAssets
FN:480,updatePriceCache
FN:492,(anonymous_14)
FN:643,startKafkaConsumer
FN:653,(anonymous_16)
FN:677,(anonymous_17)
FN:694,(anonymous_18)
FN:706,isBondSymbol
FN:712,(anonymous_20)
FN:724,triggerBondScrape
FN:741,(anonymous_22)
FN:868,(anonymous_23)
FN:874,(anonymous_24)
FN:885,(anonymous_25)
FN:894,(anonymous_26)
FN:919,(anonymous_27)
FN:935,(anonymous_28)
FN:1016,(anonymous_29)
FN:1031,(anonymous_30)
FN:1060,(anonymous_31)
FN:1073,(anonymous_32)
FN:1088,(anonymous_33)
FN:1103,(anonymous_34)
FN:1115,(anonymous_35)
FN:1130,(anonymous_36)
FN:1145,(anonymous_37)
FN:1157,(anonymous_38)
FN:1162,(anonymous_39)
FN:1179,(anonymous_40)
FN:1184,(anonymous_41)
FNF:42
FNH:0
FNDA:0,getSourcePriorityRank
FNDA:0,shouldAcceptIncomingPrevClose
FNDA:0,(anonymous_2)
FNDA:0,(anonymous_3)
FNDA:0,fetchInitialPrices
FNDA:0,(anonymous_5)
FNDA:0,(anonymous_6)
FNDA:0,runDatabaseMigrations
FNDA:0,initializeSymbolRegistry
FNDA:0,ensureSchema
FNDA:0,fetchAssetsFromDB
FNDA:0,(anonymous_11)
FNDA:0,loadAssets
FNDA:0,updatePriceCache
FNDA:0,(anonymous_14)
FNDA:0,startKafkaConsumer
FNDA:0,(anonymous_16)
FNDA:0,(anonymous_17)
FNDA:0,(anonymous_18)
FNDA:0,isBondSymbol
FNDA:0,(anonymous_20)
FNDA:0,triggerBondScrape
FNDA:0,(anonymous_22)
FNDA:0,(anonymous_23)
FNDA:0,(anonymous_24)
FNDA:0,(anonymous_25)
FNDA:0,(anonymous_26)
FNDA:0,(anonymous_27)
FNDA:0,(anonymous_28)
FNDA:0,(anonymous_29)
FNDA:0,(anonymous_30)
FNDA:0,(anonymous_31)
FNDA:0,(anonymous_32)
FNDA:0,(anonymous_33)
FNDA:0,(anonymous_34)
FNDA:0,(anonymous_35)
FNDA:0,(anonymous_36)
FNDA:0,(anonymous_37)
FNDA:0,(anonymous_38)
FNDA:0,(anonymous_39)
FNDA:0,(anonymous_40)
FNDA:0,(anonymous_41)
DA:1,0
DA:2,0
DA:3,0
DA:4,0
DA:5,0
DA:6,0
DA:7,0
DA:8,0
DA:9,0
DA:10,0
DA:11,0
DA:14,0
DA:15,0
DA:17,0
DA:20,0
DA:21,0
DA:23,0
DA:25,0
DA:26,0
DA:27,0
DA:28,0
DA:29,0
DA:30,0
DA:31,0
DA:32,0
DA:34,0
DA:35,0
DA:36,0
DA:39,0
DA:40,0
DA:42,0
DA:48,0
DA:50,0
DA:52,0
DA:54,0
DA:56,0
DA:57,0
DA:60,0
DA:63,0
DA:64,0
DA:67,0
DA:73,0
DA:74,0
DA:78,0
DA:79,0
DA:80,0
DA:81,0
DA:85,0
DA:93,0
DA:94,0
DA:95,0
DA:96,0
DA:97,0
DA:98,0
DA:101,0
DA:109,0
DA:111,0
DA:112,0
DA:113,0
DA:122,0
DA:124,0
DA:126,0
DA:127,0
DA:130,0
DA:131,0
DA:132,0
DA:136,0
DA:138,0
DA:139,0
DA:140,0
DA:141,0
DA:142,0
DA:143,0
DA:144,0
DA:147,0
DA:151,0
DA:152,0
DA:153,0
DA:154,0
DA:157,0
DA:161,0
DA:162,0
DA:163,0
DA:164,0
DA:165,0
DA:168,0
DA:169,0
DA:172,0
DA:173,0
DA:176,0
DA:177,0
DA:180,0
DA:181,0
DA:184,0
DA:186,0
DA:190,0
DA:191,0
DA:192,0
DA:193,0
DA:198,0
DA:199,0
DA:202,0
DA:203,0
DA:204,0
DA:205,0
DA:206,0
DA:214,0
DA:215,0
DA:217,0
DA:219,0
DA:220,0
DA:221,0
DA:233,0
DA:237,0
DA:238,0
DA:240,0
DA:241,0
DA:242,0
DA:243,0
DA:244,0
DA:248,0
DA:253,0
DA:254,0
DA:255,0
DA:256,0
DA:258,0
DA:259,0
DA:261,0
DA:264,0
DA:265,0
DA:269,0
DA:281,0
DA:282,0
DA:283,0
DA:285,0
DA:286,0
DA:289,0
DA:290,0
DA:294,0
DA:295,0
DA:298,0
DA:299,0
DA:302,0
DA:303,0
DA:304,0
DA:307,0
DA:308,0
DA:309,0
DA:313,0
DA:314,0
DA:315,0
DA:316,0
DA:318,0
DA:319,0
DA:320,0
DA:323,0
DA:324,0
DA:326,0
DA:327,0
DA:333,0
DA:334,0
DA:335,0
DA:336,0
DA:339,0
DA:342,0
DA:343,0
DA:344,0
DA:346,0
DA:351,0
DA:352,0
DA:356,0
DA:366,0
DA:368,0
DA:375,0
DA:376,0
DA:382,0
DA:383,0
DA:384,0
DA:385,0
DA:390,0
DA:391,0
DA:403,0
DA:405,0
DA:407,0
DA:410,0
DA:427,0
DA:428,0
DA:433,0
DA:434,0
DA:437,0
DA:441,0
DA:444,0
DA:447,0
DA:448,0
DA:449,0
DA:450,0
DA:451,0
DA:453,0
DA:455,0
DA:460,0
DA:461,0
DA:462,0
DA:463,0
DA:464,0
DA:465,0
DA:471,0
DA:472,0
DA:473,0
DA:475,0
DA:483,0
DA:484,0
DA:488,0
DA:489,0
DA:492,0
DA:493,0
DA:494,0
DA:495,0
DA:496,0
DA:497,0
DA:498,0
DA:499,0
DA:501,0
DA:503,0
DA:507,0
DA:508,0
DA:509,0
DA:510,0
DA:513,0
DA:514,0
DA:515,0
DA:516,0
DA:519,0
DA:521,0
DA:522,0
DA:523,0
DA:526,0
DA:527,0
DA:528,0
DA:531,0
DA:532,0
DA:533,0
DA:536,0
DA:537,0
DA:538,0
DA:542,0
DA:562,0
DA:563,0
DA:564,0
DA:566,0
DA:567,0
DA:568,0
DA:569,0
DA:572,0
DA:573,0
DA:578,0
DA:579,0
DA:580,0
DA:583,0
DA:586,0
DA:592,0
DA:594,0
DA:595,0
DA:596,0
DA:597,0
DA:598,0
DA:599,0
DA:604,0
DA:605,0
DA:606,0
DA:607,0
DA:608,0
DA:609,0
DA:611,0
DA:616,0
DA:632,0
DA:636,0
DA:641,0
DA:644,0
DA:645,0
DA:646,0
DA:647,0
DA:649,0
DA:650,0
DA:652,0
DA:654,0
DA:655,0
DA:656,0
DA:657,0
DA:658,0
DA:660,0
DA:662,0
DA:665,0
DA:670,0
DA:672,0
DA:677,0
DA:678,0
DA:679,0
DA:680,0
DA:682,0
DA:683,0
DA:684,0
DA:685,0
DA:687,0
DA:691,0
DA:694,0
DA:695,0
DA:696,0
DA:697,0
DA:699,0
DA:700,0
DA:707,0
DA:708,0
DA:711,0
DA:712,0
DA:715,0
DA:716,0
DA:719,0
DA:726,0
DA:727,0
DA:729,0
DA:730,0
DA:731,0
DA:733,0
DA:734,0
DA:741,0
DA:742,0
DA:744,0
DA:745,0
DA:748,0
DA:751,0
DA:753,0
DA:756,0
DA:757,0
DA:759,0
DA:771,0
DA:773,0
DA:774,0
DA:778,0
DA:779,0
DA:781,0
DA:782,0
DA:788,0
DA:789,0
DA:790,0
DA:793,0
DA:804,0
DA:806,0
DA:809,0
DA:810,0
DA:811,0
DA:812,0
DA:816,0
DA:817,0
DA:821,0
DA:833,0
DA:841,0
DA:842,0
DA:843,0
DA:845,0
DA:849,0
DA:860,0
DA:861,0
DA:868,0
DA:869,0
DA:870,0
DA:871,0
DA:873,0
DA:874,0
DA:875,0
DA:876,0
DA:877,0
DA:885,0
DA:887,0
DA:889,0
DA:890,0
DA:894,0
DA:895,0
DA:896,0
DA:898,0
DA:899,0
DA:902,0
DA:903,0
DA:904,0
DA:907,0
DA:908,0
DA:910,0
DA:913,0
DA:914,0
DA:919,0
DA:920,0
DA:921,0
DA:922,0
DA:927,0
DA:929,0
DA:930,0
DA:935,0
DA:936,0
DA:937,0
DA:940,0
DA:941,0
DA:944,0
DA:947,0
DA:949,0
DA:951,0
DA:952,0
DA:953,0
DA:954,0
DA:958,0
DA:959,0
DA:966,0
DA:967,0
DA:984,0
DA:985,0
DA:986,0
DA:994,0
DA:997,0
DA:999,0
DA:1003,0
DA:1004,0
DA:1008,0
DA:1009,0
DA:1016,0
DA:1017,0
DA:1018,0
DA:1019,0
DA:1023,0
DA:1024,0
DA:1025,0
DA:1027,0
DA:1031,0
DA:1032,0
DA:1033,0
DA:1035,0
DA:1036,0
DA:1037,0
DA:1038,0
DA:1039,0
DA:1040,0
DA:1041,0
DA:1043,0
DA:1044,0
DA:1047,0
DA:1048,0
DA:1052,0
DA:1053,0
DA:1054,0
DA:1056,0
DA:1060,0
DA:1061,0
DA:1062,0
DA:1063,0
DA:1064,0
DA:1065,0
DA:1066,0
DA:1068,0
DA:1073,0
DA:1074,0
DA:1075,0
DA:1076,0
DA:1080,0
DA:1081,0
DA:1082,0
DA:1084,0
DA:1088,0
DA:1089,0
DA:1090,0
DA:1091,0
DA:1095,0
DA:1096,0
DA:1097,0
DA:1099,0
DA:1103,0
DA:1104,0
DA:1105,0
DA:1106,0
DA:1107,0
DA:1108,0
DA:1110,0
DA:1115,0
DA:1116,0
DA:1117,0
DA:1118,0
DA:1122,0
DA:1123,0
DA:1124,0
DA:1126,0
DA:1130,0
DA:1131,0
DA:1132,0
DA:1133,0
DA:1137,0
DA:1138,0
DA:1139,0
DA:1141,0
DA:1145,0
DA:1146,0
DA:1147,0
DA:1148,0
DA:1149,0
DA:1150,0
DA:1152,0
DA:1157,0
DA:1158,0
DA:1160,0
DA:1162,0
DA:1163,0
DA:1168,0
DA:1169,0
DA:1171,0
DA:1174,0
DA:1175,0
DA:1176,0
DA:1179,0
DA:1180,0
DA:1181,0
DA:1182,0
DA:1183,0
DA:1184,0
DA:1185,0
DA:1186,0
DA:1187,0
DA:1190,0
DA:1195,0
LF:523
LH:0
BRDA:25,0,0,0
BRDA:25,0,1,0
BRDA:25,1,0,0
BRDA:25,1,1,0
BRDA:60,2,0,0
BRDA:60,2,1,0
BRDA:63,3,0,0
BRDA:63,3,1,0
BRDA:64,4,0,0
BRDA:64,4,1,0
BRDA:95,5,0,0
BRDA:95,5,1,0
BRDA:109,6,0,0
BRDA:109,6,1,0
BRDA:113,7,0,0
BRDA:113,7,1,0
BRDA:122,8,0,0
BRDA:122,8,1,0
BRDA:122,9,0,0
BRDA:122,9,1,0
BRDA:124,10,0,0
BRDA:124,10,1,0
BRDA:130,11,0,0
BRDA:130,11,1,0
BRDA:136,12,0,0
BRDA:136,12,1,0
BRDA:138,13,0,0
BRDA:138,13,1,0
BRDA:139,14,0,0
BRDA:139,14,1,0
BRDA:140,15,0,0
BRDA:140,15,1,0
BRDA:140,16,0,0
BRDA:140,16,1,0
BRDA:142,17,0,0
BRDA:142,17,1,0
BRDA:151,18,0,0
BRDA:151,18,1,0
BRDA:152,19,0,0
BRDA:152,19,1,0
BRDA:153,20,0,0
BRDA:153,20,1,0
BRDA:153,21,0,0
BRDA:153,21,1,0
BRDA:153,21,2,0
BRDA:161,22,0,0
BRDA:161,22,1,0
BRDA:162,23,0,0
BRDA:162,23,1,0
BRDA:163,24,0,0
BRDA:163,24,1,0
BRDA:164,25,0,0
BRDA:164,25,1,0
BRDA:165,26,0,0
BRDA:165,26,1,0
BRDA:220,27,0,0
BRDA:220,27,1,0
BRDA:223,28,0,0
BRDA:223,28,1,0
BRDA:226,29,0,0
BRDA:226,29,1,0
BRDA:226,29,2,0
BRDA:227,30,0,0
BRDA:227,30,1,0
BRDA:227,30,2,0
BRDA:242,31,0,0
BRDA:242,31,1,0
BRDA:258,32,0,0
BRDA:258,32,1,0
BRDA:282,33,0,0
BRDA:282,33,1,0
BRDA:339,34,0,0
BRDA:339,34,1,0
BRDA:346,35,0,0
BRDA:346,35,1,0
BRDA:382,36,0,0
BRDA:382,36,1,0
BRDA:384,37,0,0
BRDA:384,37,1,0
BRDA:414,38,0,0
BRDA:414,38,1,0
BRDA:416,39,0,0
BRDA:416,39,1,0
BRDA:417,40,0,0
BRDA:417,40,1,0
BRDA:418,41,0,0
BRDA:418,41,1,0
BRDA:419,42,0,0
BRDA:419,42,1,0
BRDA:420,43,0,0
BRDA:420,43,1,0
BRDA:421,44,0,0
BRDA:421,44,1,0
BRDA:422,45,0,0
BRDA:422,45,1,0
BRDA:423,46,0,0
BRDA:423,46,1,0
BRDA:424,47,0,0
BRDA:424,47,1,0
BRDA:424,47,2,0
BRDA:427,48,0,0
BRDA:427,48,1,0
BRDA:433,49,0,0
BRDA:433,49,1,0
BRDA:461,50,0,0
BRDA:461,50,1,0
BRDA:462,51,0,0
BRDA:462,51,1,0
BRDA:472,52,0,0
BRDA:472,52,1,0
BRDA:483,53,0,0
BRDA:483,53,1,0
BRDA:483,53,2,0
BRDA:483,54,0,0
BRDA:483,54,1,0
BRDA:484,55,0,0
BRDA:484,55,1,0
BRDA:501,56,0,0
BRDA:501,56,1,0
BRDA:501,56,2,0
BRDA:501,56,3,0
BRDA:508,57,0,0
BRDA:508,57,1,0
BRDA:509,58,0,0
BRDA:509,58,1,0
BRDA:509,58,2,0
BRDA:513,59,0,0
BRDA:513,59,1,0
BRDA:513,60,0,0
BRDA:513,60,1,0
BRDA:513,60,2,0
BRDA:519,61,0,0
BRDA:519,61,1,0
BRDA:521,62,0,0
BRDA:521,62,1,0
BRDA:521,63,0,0
BRDA:521,63,1,0
BRDA:526,64,0,0
BRDA:526,64,1,0
BRDA:526,65,0,0
BRDA:526,65,1,0
BRDA:531,66,0,0
BRDA:531,66,1,0
BRDA:531,67,0,0
BRDA:531,67,1,0
BRDA:536,68,0,0
BRDA:536,68,1,0
BRDA:542,69,0,0
BRDA:542,69,1,0
BRDA:542,70,0,0
BRDA:542,70,1,0
BRDA:566,71,0,0
BRDA:566,71,1,0
BRDA:568,72,0,0
BRDA:568,72,1,0
BRDA:568,73,0,0
BRDA:568,73,1,0
BRDA:572,74,0,0
BRDA:572,74,1,0
BRDA:572,74,2,0
BRDA:573,75,0,0
BRDA:573,75,1,0
BRDA:573,75,2,0
BRDA:583,76,0,0
BRDA:583,76,1,0
BRDA:592,77,0,0
BRDA:592,77,1,0
BRDA:594,78,0,0
BRDA:594,78,1,0
BRDA:598,79,0,0
BRDA:598,79,1,0
BRDA:598,80,0,0
BRDA:598,80,1,0
BRDA:598,80,2,0
BRDA:604,81,0,0
BRDA:604,81,1,0
BRDA:604,82,0,0
BRDA:604,82,1,0
BRDA:606,83,0,0
BRDA:606,83,1,0
BRDA:607,84,0,0
BRDA:607,84,1,0
BRDA:608,85,0,0
BRDA:608,85,1,0
BRDA:625,86,0,0
BRDA:625,86,1,0
BRDA:627,87,0,0
BRDA:627,87,1,0
BRDA:629,88,0,0
BRDA:629,88,1,0
BRDA:657,89,0,0
BRDA:657,89,1,0
BRDA:657,89,2,0
BRDA:657,90,0,0
BRDA:657,90,1,0
BRDA:660,91,0,0
BRDA:660,91,1,0
BRDA:678,92,0,0
BRDA:678,92,1,0
BRDA:683,93,0,0
BRDA:683,93,1,0
BRDA:707,94,0,0
BRDA:707,94,1,0
BRDA:715,95,0,0
BRDA:715,95,1,0
BRDA:715,96,0,0
BRDA:715,96,1,0
BRDA:726,97,0,0
BRDA:726,97,1,0
BRDA:744,98,0,0
BRDA:744,98,1,0
BRDA:744,99,0,0
BRDA:744,99,1,0
BRDA:751,100,0,0
BRDA:751,100,1,0
BRDA:753,101,0,0
BRDA:753,101,1,0
BRDA:763,102,0,0
BRDA:763,102,1,0
BRDA:773,103,0,0
BRDA:773,103,1,0
BRDA:781,104,0,0
BRDA:781,104,1,0
BRDA:781,105,0,0
BRDA:781,105,1,0
BRDA:789,106,0,0
BRDA:789,106,1,0
BRDA:798,107,0,0
BRDA:798,107,1,0
BRDA:814,108,0,0
BRDA:814,108,1,0
BRDA:827,109,0,0
BRDA:827,109,1,0
BRDA:834,110,0,0
BRDA:834,110,1,0
BRDA:853,111,0,0
BRDA:853,111,1,0
BRDA:870,112,0,0
BRDA:870,112,1,0
BRDA:898,113,0,0
BRDA:898,113,1,0
BRDA:898,114,0,0
BRDA:898,114,1,0
BRDA:903,115,0,0
BRDA:903,115,1,0
BRDA:907,116,0,0
BRDA:907,116,1,0
BRDA:940,117,0,0
BRDA:940,117,1,0
BRDA:940,118,0,0
BRDA:940,118,1,0
BRDA:940,118,2,0
BRDA:953,119,0,0
BRDA:953,119,1,0
BRDA:953,120,0,0
BRDA:953,120,1,0
BRDA:961,121,0,0
BRDA:961,121,1,0
BRDA:961,122,0,0
BRDA:961,122,1,0
BRDA:961,123,0,0
BRDA:961,123,1,0
BRDA:974,124,0,0
BRDA:974,124,1,0
BRDA:975,125,0,0
BRDA:975,125,1,0
BRDA:976,126,0,0
BRDA:976,126,1,0
BRDA:977,127,0,0
BRDA:977,127,1,0
BRDA:978,128,0,0
BRDA:978,128,1,0
BRDA:984,129,0,0
BRDA:984,129,1,0
BRDA:984,130,0,0
BRDA:984,130,1,0
BRDA:988,131,0,0
BRDA:988,131,1,0
BRDA:988,132,0,0
BRDA:988,132,1,0
BRDA:1021,133,0,0
BRDA:1021,133,1,0
BRDA:1021,134,0,0
BRDA:1021,134,1,0
BRDA:1037,135,0,0
BRDA:1037,135,1,0
BRDA:1038,136,0,0
BRDA:1038,136,1,0
BRDA:1039,137,0,0
BRDA:1039,137,1,0
BRDA:1040,138,0,0
BRDA:1040,138,1,0
BRDA:1041,139,0,0
BRDA:1041,139,1,0
BRDA:1043,140,0,0
BRDA:1043,140,1,0
BRDA:1078,141,0,0
BRDA:1078,141,1,0
BRDA:1093,142,0,0
BRDA:1093,142,1,0
BRDA:1120,143,0,0
BRDA:1120,143,1,0
BRDA:1120,144,0,0
BRDA:1120,144,1,0
BRDA:1174,145,0,0
BRDA:1174,145,1,0
BRDA:1174,146,0,0
BRDA:1174,146,1,0
BRDA:1175,147,0,0
BRDA:1175,147,1,0
BRF:310
BRH:0
end_of_record
TN:
SF:dashboard/simulate_kafka_data.js
FN:31,getRandomChange
FN:36,run
FN:43,(anonymous_2)
FNF:3
FNH:0
FNDA:0,getRandomChange
FNDA:0,run
FNDA:0,(anonymous_2)
DA:1,0
DA:3,0
DA:4,0
DA:6,0
DA:11,0
DA:14,0
DA:19,0
DA:29,0
DA:33,0
DA:37,0
DA:38,0
DA:39,0
DA:41,0
DA:43,0
DA:44,0
DA:47,0
DA:48,0
DA:49,0
DA:52,0
DA:53,0
DA:54,0
DA:56,0
DA:65,0
DA:66,0
DA:72,0
DA:74,0
DA:80,0
DA:84,0
LF:28
LH:0
BRDA:3,0,0,0
BRDA:3,0,1,0
BRDA:4,1,0,0
BRDA:4,1,1,0
BRF:4
BRH:0
end_of_record
TN:
SF:dashboard/ticker_registry.js
FN:28,stripBOM
FN:35,loadAllTickers
FN:48,(anonymous_2)
FN:66,(anonymous_3)
FN:79,(anonymous_4)
FN:86,(anonymous_5)
FN:110,(anonymous_6)
FN:142,reloadTickers
FNF:8
FNH:0
FNDA:0,stripBOM
FNDA:0,loadAllTickers
FNDA:0,(anonymous_2)
FNDA:0,(anonymous_3)
FNDA:0,(anonymous_4)
FNDA:0,(anonymous_5)
FNDA:0,(anonymous_6)
FNDA:0,reloadTickers
DA:5,0
DA:6,0
DA:7,0
DA:9,0
DA:10,0
DA:11,0
DA:12,0
DA:13,0
DA:17,0
DA:25,0
DA:29,0
DA:30,0
DA:32,0
DA:36,0
DA:38,0
DA:40,0
DA:42,0
DA:43,0
DA:44,0
DA:48,0
DA:49,0
DA:50,0
DA:60,0
DA:61,0
DA:62,0
DA:66,0
DA:67,0
DA:68,0
DA:79,0
DA:80,0
DA:81,0
DA:82,0
DA:86,0
DA:87,0
DA:88,0
DA:90,0
DA:91,0
DA:92,0
DA:93,0
DA:94,0
DA:104,0
DA:105,0
DA:106,0
DA:110,0
DA:112,0
DA:113,0
DA:114,0
DA:115,0
DA:116,0
DA:117,0
DA:119,0
DA:120,0
DA:121,0
DA:122,0
DA:123,0
DA:124,0
DA:125,0
DA:126,0
DA:135,0
DA:138,0
DA:139,0
DA:143,0
DA:144,0
DA:147,0
LF:64
LH:0
BRDA:9,0,0,0
BRDA:9,0,1,0
BRDA:29,1,0,0
BRDA:29,1,1,0
BRDA:36,2,0,0
BRDA:36,2,1,0
BRDA:42,3,0,0
BRDA:42,3,1,0
BRDA:49,4,0,0
BRDA:49,4,1,0
BRDA:52,5,0,0
BRDA:52,5,1,0
BRDA:60,6,0,0
BRDA:60,6,1,0
BRDA:67,7,0,0
BRDA:67,7,1,0
BRDA:70,8,0,0
BRDA:70,8,1,0
BRDA:80,9,0,0
BRDA:80,9,1,0
BRDA:87,10,0,0
BRDA:87,10,1,0
BRDA:90,11,0,0
BRDA:90,11,1,0
BRDA:92,12,0,0
BRDA:92,12,1,0
BRDA:93,13,0,0
BRDA:93,13,1,0
BRDA:93,13,2,0
BRDA:96,14,0,0
BRDA:96,14,1,0
BRDA:104,15,0,0
BRDA:104,15,1,0
BRDA:112,16,0,0
BRDA:112,16,1,0
BRDA:113,17,0,0
BRDA:113,17,1,0
BRDA:114,18,0,0
BRDA:114,18,1,0
BRDA:115,19,0,0
BRDA:115,19,1,0
BRDA:116,20,0,0
BRDA:116,20,1,0
BRDA:117,21,0,0
BRDA:117,21,1,0
BRDA:120,22,0,0
BRDA:120,22,1,0
BRDA:121,23,0,0
BRDA:121,23,1,0
BRDA:123,24,0,0
BRDA:123,24,1,0
BRDA:124,25,0,0
BRDA:124,25,1,0
BRDA:125,26,0,0
BRDA:125,26,1,0
BRF:55
BRH:0
end_of_record
TN:
SF:dashboard/public/app.js
FN:8,(anonymous_0)
FN:17,fetchAssets
FN:28,renderAll
FN:35,renderPositions
FN:39,(anonymous_4)
FN:41,(anonymous_5)
FN:43,(anonymous_6)
FN:47,(anonymous_7)
FN:53,addPositionRow
FN:68,renderAccounts
FN:72,(anonymous_10)
FN:92,renderAssets
FN:97,(anonymous_12)
FN:98,(anonymous_13)
FN:101,(anonymous_14)
FN:117,(anonymous_15)
FN:126,(anonymous_16)
FN:149,(anonymous_17)
FN:167,(anonymous_18)
FN:186,(anonymous_19)
FN:212,(anonymous_20)
FN:236,(anonymous_21)
FN:261,(anonymous_22)
FN:273,(anonymous_23)
FN:285,(anonymous_24)
FN:298,formatNumber
FN:302,showAlert
FN:311,(anonymous_27)
FNF:28
FNH:0
FNDA:0,(anonymous_0)
FNDA:0,fetchAssets
FNDA:0,renderAll
FNDA:0,renderPositions
FNDA:0,(anonymous_4)
FNDA:0,(anonymous_5)
FNDA:0,(anonymous_6)
FNDA:0,(anonymous_7)
FNDA:0,addPositionRow
FNDA:0,renderAccounts
FNDA:0,(anonymous_10)
FNDA:0,renderAssets
FNDA:0,(anonymous_12)
FNDA:0,(anonymous_13)
FNDA:0,(anonymous_14)
FNDA:0,(anonymous_15)
FNDA:0,(anonymous_16)
FNDA:0,(anonymous_17)
FNDA:0,(anonymous_18)
FNDA:0,(anonymous_19)
FNDA:0,(anonymous_20)
FNDA:0,(anonymous_21)
FNDA:0,(anonymous_22)
FNDA:0,(anonymous_23)
FNDA:0,(anonymous_24)
FNDA:0,formatNumber
FNDA:0,showAlert
FNDA:0,(anonymous_27)
DA:2,0
DA:8,0
DA:9,0
DA:10,0
DA:11,0
DA:13,0
DA:18,0
DA:19,0
DA:20,0
DA:21,0
DA:23,0
DA:24,0
DA:29,0
DA:30,0
DA:31,0
DA:32,0
DA:36,0
DA:37,0
DA:39,0
DA:41,0
DA:43,0
DA:44,0
DA:47,0
DA:48,0
DA:54,0
DA:55,0
DA:65,0
DA:69,0
DA:70,0
DA:72,0
DA:73,0
DA:74,0
DA:75,0
DA:79,0
DA:88,0
DA:93,0
DA:94,0
DA:96,0
DA:97,0
DA:98,0
DA:101,0
DA:102,0
DA:103,0
DA:112,0
DA:117,0
DA:118,0
DA:119,0
DA:120,0
DA:123,0
DA:124,0
DA:125,0
DA:126,0
DA:127,0
DA:128,0
DA:129,0
DA:130,0
DA:134,0
DA:135,0
DA:136,0
DA:137,0
DA:138,0
DA:139,0
DA:140,0
DA:141,0
DA:143,0
DA:146,0
DA:149,0
DA:150,0
DA:151,0
DA:152,0
DA:154,0
DA:155,0
DA:156,0
DA:157,0
DA:158,0
DA:159,0
DA:161,0
DA:164,0
DA:167,0
DA:168,0
DA:169,0
DA:170,0
DA:172,0
DA:173,0
DA:174,0
DA:175,0
DA:176,0
DA:177,0
DA:179,0
DA:182,0
DA:186,0
DA:187,0
DA:188,0
DA:189,0
DA:198,0
DA:199,0
DA:201,0
DA:202,0
DA:203,0
DA:204,0
DA:205,0
DA:207,0
DA:208,0
DA:212,0
DA:213,0
DA:214,0
DA:215,0
DA:222,0
DA:223,0
DA:225,0
DA:226,0
DA:227,0
DA:228,0
DA:229,0
DA:231,0
DA:232,0
DA:236,0
DA:237,0
DA:238,0
DA:239,0
DA:246,0
DA:247,0
DA:249,0
DA:250,0
DA:251,0
DA:252,0
DA:253,0
DA:255,0
DA:256,0
DA:261,0
DA:262,0
DA:263,0
DA:264,0
DA:265,0
DA:266,0
DA:268,0
DA:269,0
DA:273,0
DA:274,0
DA:275,0
DA:276,0
DA:277,0
DA:278,0
DA:280,0
DA:281,0
DA:285,0
DA:286,0
DA:287,0
DA:288,0
DA:289,0
DA:290,0
DA:292,0
DA:293,0
DA:299,0
DA:303,0
DA:304,0
DA:305,0
DA:306,0
DA:310,0
DA:311,0
LF:160
LH:0
BRDA:29,0,0,0
BRDA:29,0,1,0
BRDA:39,1,0,0
BRDA:39,1,1,0
BRDA:57,2,0,0
BRDA:57,2,1,0
BRDA:59,3,0,0
BRDA:59,3,1,0
BRDA:75,4,0,0
BRDA:75,4,1,0
BRDA:97,5,0,0
BRDA:97,5,1,0
BRDA:98,6,0,0
BRDA:98,6,1,0
BRDA:104,7,0,0
BRDA:104,7,1,0
BRDA:125,8,0,0
BRDA:125,8,1,0
BRDA:125,9,0,0
BRDA:125,9,1,0
BRDA:134,10,0,0
BRDA:134,10,1,0
BRDA:134,11,0,0
BRDA:134,11,1,0
BRDA:141,12,0,0
BRDA:141,12,1,0
BRDA:154,13,0,0
BRDA:154,13,1,0
BRDA:154,14,0,0
BRDA:154,14,1,0
BRDA:159,15,0,0
BRDA:159,15,1,0
BRDA:172,16,0,0
BRDA:172,16,1,0
BRDA:172,17,0,0
BRDA:172,17,1,0
BRDA:175,18,0,0
BRDA:175,18,1,0
BRDA:198,19,0,0
BRDA:198,19,1,0
BRDA:199,20,0,0
BRDA:199,20,1,0
BRDA:222,21,0,0
BRDA:222,21,1,0
BRDA:223,22,0,0
BRDA:223,22,1,0
BRDA:246,23,0,0
BRDA:246,23,1,0
BRDA:247,24,0,0
BRDA:247,24,1,0
BRDA:262,25,0,0
BRDA:262,25,1,0
BRDA:274,26,0,0
BRDA:274,26,1,0
BRDA:286,27,0,0
BRDA:286,27,1,0
BRF:56
BRH:0
end_of_record
TN:
SF:dashboard/public/scheduler.js
FN:12,(anonymous_0)
FN:36,(anonymous_1)
FN:60,(anonymous_2)
FN:74,(anonymous_3)
FN:91,(anonymous_4)
FN:113,(anonymous_5)
FN:129,(anonymous_6)
FN:139,(anonymous_7)
FN:161,(anonymous_8)
FN:176,(anonymous_9)
FN:191,(anonymous_10)
FN:192,(anonymous_11)
FN:199,(anonymous_12)
FN:206,(anonymous_13)
FNF:14
FNH:14
FNDA:28,(anonymous_0)
FNDA:28,(anonymous_1)
FNDA:1,(anonymous_2)
FNDA:92,(anonymous_3)
FNDA:24,(anonymous_4)
FNDA:29,(anonymous_5)
FNDA:5,(anonymous_6)
FNDA:5,(anonymous_7)
FNDA:35,(anonymous_8)
FNDA:2,(anonymous_9)
FNDA:9,(anonymous_10)
FNDA:34,(anonymous_11)
FNDA:1,(anonymous_12)
FNDA:2,(anonymous_13)
DA:13,28
DA:24,28
DA:25,28
DA:26,28
DA:27,28
DA:28,28
DA:30,28
DA:37,28
DA:38,28
DA:39,27
DA:40,2
DA:41,1
DA:42,1
DA:47,1
DA:48,1
DA:49,1
DA:53,2
DA:61,1
DA:62,0
DA:63,0
DA:66,1
DA:67,1
DA:68,1
DA:75,92
DA:76,92
DA:81,92
DA:83,3
DA:92,24
DA:93,2
DA:96,24
DA:97,24
DA:99,24
DA:100,1
DA:101,1
DA:102,1
DA:105,23
DA:106,23
DA:107,23
DA:114,29
DA:115,0
DA:116,0
DA:120,29
DA:121,29
DA:124,29
DA:125,5
DA:129,29
DA:130,5
DA:133,29
DA:140,5
DA:141,5
DA:144,5
DA:145,4
DA:146,3
DA:147,3
DA:148,3
DA:151,1
DA:154,5
DA:162,35
DA:163,23
DA:164,23
DA:166,35
DA:167,35
DA:168,35
DA:169,35
DA:170,35
DA:177,2
DA:178,2
DA:192,34
DA:193,9
DA:200,1
DA:207,2
DA:209,2
DA:210,2
DA:212,2
DA:214,1
DA:215,1
DA:217,1
DA:218,1
DA:220,0
DA:225,1
DA:226,1
LF:81
LH:76
BRDA:39,0,0,2
BRDA:39,0,1,25
BRDA:42,1,0,1
BRDA:42,1,1,0
BRDA:47,2,0,1
BRDA:47,2,1,0
BRDA:61,3,0,0
BRDA:61,3,1,1
BRDA:92,4,0,2
BRDA:92,4,1,22
BRDA:92,5,0,24
BRDA:92,5,1,2
BRDA:99,6,0,1
BRDA:99,6,1,23
BRDA:114,7,0,0
BRDA:114,7,1,29
BRDA:124,8,0,5
BRDA:124,8,1,24
BRDA:144,9,0,4
BRDA:144,9,1,1
BRDA:162,10,0,23
BRDA:162,10,1,12
BRDA:193,11,0,8
BRDA:193,11,1,1
BRDA:207,12,0,0
BRDA:207,12,1,2
BRDA:212,13,0,1
BRDA:212,13,1,1
BRDA:217,14,0,1
BRDA:217,14,1,0
BRDA:225,15,0,1
BRDA:225,15,1,0
BRDA:225,16,0,1
BRDA:225,16,1,1
BRF:34
BRH:27
end_of_record
TN:
SF:dashboard/public/statistics-filter.js
FN:8,(anonymous_0)
FN:18,(anonymous_1)
FN:36,(anonymous_2)
FN:52,(anonymous_3)
FN:70,(anonymous_4)
FN:87,(anonymous_5)
FN:108,(anonymous_6)
FN:129,(anonymous_7)
FN:144,(anonymous_8)
FN:158,(anonymous_9)
FNF:10
FNH:0
FNDA:0,(anonymous_0)
FNDA:0,(anonymous_1)
FNDA:0,(anonymous_2)
FNDA:0,(anonymous_3)
FNDA:0,(anonymous_4)
FNDA:0,(anonymous_5)
FNDA:0,(anonymous_6)
FNDA:0,(anonymous_7)
FNDA:0,(anonymous_8)
FNDA:0,(anonymous_9)
DA:9,0
DA:10,0
DA:11,0
DA:12,0
DA:19,0
DA:20,0
DA:21,0
DA:23,0
DA:24,0
DA:26,0
DA:28,0
DA:29,0
DA:37,0
DA:38,0
DA:39,0
DA:41,0
DA:42,0
DA:44,0
DA:45,0
DA:53,0
DA:54,0
DA:55,0
DA:57,0
DA:58,0
DA:60,0
DA:62,0
DA:63,0
DA:71,0
DA:72,0
DA:73,0
DA:74,0
DA:76,0
DA:77,0
DA:79,0
DA:80,0
DA:88,0
DA:89,0
DA:95,0
DA:97,0
DA:98,0
DA:100,0
DA:101,0
DA:109,0
DA:110,0
DA:116,0
DA:118,0
DA:119,0
DA:121,0
DA:122,0
DA:130,0
DA:131,0
DA:132,0
DA:133,0
DA:134,0
DA:137,0
DA:145,0
DA:146,0
DA:149,0
DA:151,0
DA:159,0
DA:161,0
DA:172,0
DA:173,0
LF:63
LH:0
BRDA:21,0,0,0
BRDA:21,0,1,0
BRDA:24,1,0,0
BRDA:24,1,1,0
BRDA:39,2,0,0
BRDA:39,2,1,0
BRDA:42,3,0,0
BRDA:42,3,1,0
BRDA:55,4,0,0
BRDA:55,4,1,0
BRDA:74,5,0,0
BRDA:74,5,1,0
BRDA:77,6,0,0
BRDA:77,6,1,0
BRDA:95,7,0,0
BRDA:95,7,1,0
BRDA:116,8,0,0
BRDA:116,8,1,0
BRDA:132,9,0,0
BRDA:132,9,1,0
BRDA:159,10,0,0
BRDA:159,10,1,0
BRDA:162,11,0,0
BRDA:162,11,1,0
BRDA:163,12,0,0
BRDA:163,12,1,0
BRDA:164,13,0,0
BRDA:164,13,1,0
BRDA:165,14,0,0
BRDA:165,14,1,0
BRDA:166,15,0,0
BRDA:166,15,1,0
BRDA:172,16,0,0
BRDA:172,16,1,0
BRDA:172,17,0,0
BRDA:172,17,1,0
BRF:36
BRH:0
end_of_record
TN:
SF:dashboard/public/js/chart-adapter.js
FN:18,(anonymous_0)
FN:37,(anonymous_1)
FN:49,(anonymous_2)
FN:61,(anonymous_3)
FN:73,(anonymous_4)
FN:83,(anonymous_5)
FN:92,(anonymous_6)
FN:106,(anonymous_7)
FN:115,(anonymous_8)
FN:122,(anonymous_9)
FN:133,(anonymous_10)
FN:142,(anonymous_11)
FN:152,(anonymous_12)
FN:163,(anonymous_13)
FN:171,(anonymous_14)
FN:179,(anonymous_15)
FN:187,(anonymous_16)
FN:199,(anonymous_17)
FN:201,(anonymous_18)
FN:208,(anonymous_19)
FN:210,(anonymous_20)
FN:217,(anonymous_21)
FN:219,(anonymous_22)
FN:225,(anonymous_23)
FN:227,(anonymous_24)
FN:233,(anonymous_25)
FN:235,(anonymous_26)
FN:248,(anonymous_27)
FN:250,(anonymous_28)
FN:263,(anonymous_29)
FN:264,(anonymous_30)
FN:273,(anonymous_31)
FN:274,(anonymous_32)
FN:286,(anonymous_33)
FN:287,(anonymous_34)
FN:300,(anonymous_35)
FN:301,(anonymous_36)
FN:302,(anonymous_37)
FN:319,(anonymous_38)
FNF:39
FNH:0
FNDA:0,(anonymous_0)
FNDA:0,(anonymous_1)
FNDA:0,(anonymous_2)
FNDA:0,(anonymous_3)
FNDA:0,(anonymous_4)
FNDA:0,(anonymous_5)
FNDA:0,(anonymous_6)
FNDA:0,(anonymous_7)
FNDA:0,(anonymous_8)
FNDA:0,(anonymous_9)
FNDA:0,(anonymous_10)
FNDA:0,(anonymous_11)
FNDA:0,(anonymous_12)
FNDA:0,(anonymous_13)
FNDA:0,(anonymous_14)
FNDA:0,(anonymous_15)
FNDA:0,(anonymous_16)
FNDA:0,(anonymous_17)
FNDA:0,(anonymous_18)
FNDA:0,(anonymous_19)
FNDA:0,(anonymous_20)
FNDA:0,(anonymous_21)
FNDA:0,(anonymous_22)
FNDA:0,(anonymous_23)
FNDA:0,(anonymous_24)
FNDA:0,(anonymous_25)
FNDA:0,(anonymous_26)
FNDA:0,(anonymous_27)
FNDA:0,(anonymous_28)
FNDA:0,(anonymous_29)
FNDA:0,(anonymous_30)
FNDA:0,(anonymous_31)
FNDA:0,(anonymous_32)
FNDA:0,(anonymous_33)
FNDA:0,(anonymous_34)
FNDA:0,(anonymous_35)
FNDA:0,(anonymous_36)
FNDA:0,(anonymous_37)
FNDA:0,(anonymous_38)
DA:19,0
DA:20,0
DA:21,0
DA:26,0
DA:27,0
DA:28,0
DA:38,0
DA:39,0
DA:40,0
DA:50,0
DA:51,0
DA:52,0
DA:62,0
DA:63,0
DA:64,0
DA:74,0
DA:75,0
DA:76,0
DA:84,0
DA:85,0
DA:93,0
DA:96,0
DA:97,0
DA:100,0
DA:107,0
DA:108,0
DA:116,0
DA:123,0
DA:124,0
DA:125,0
DA:134,0
DA:135,0
DA:143,0
DA:144,0
DA:153,0
DA:154,0
DA:156,0
DA:164,0
DA:172,0
DA:180,0
DA:188,0
DA:200,0
DA:201,0
DA:202,0
DA:209,0
DA:210,0
DA:211,0
DA:218,0
DA:219,0
DA:226,0
DA:227,0
DA:234,0
DA:235,0
DA:236,0
DA:237,0
DA:238,0
DA:240,0
DA:242,0
DA:249,0
DA:250,0
DA:251,0
DA:252,0
DA:253,0
DA:255,0
DA:257,0
DA:264,0
DA:265,0
DA:266,0
DA:274,0
DA:287,0
DA:301,0
DA:302,0
DA:304,0
DA:319,0
DA:327,0
DA:328,0
LF:76
LH:0
BRDA:18,0,0,0
BRDA:37,1,0,0
BRDA:49,2,0,0
BRDA:61,3,0,0
BRDA:73,4,0,0
BRDA:96,5,0,0
BRDA:96,5,1,0
BRDA:123,6,0,0
BRDA:123,6,1,0
BRDA:134,7,0,0
BRDA:134,7,1,0
BRDA:135,8,0,0
BRDA:135,8,1,0
BRDA:143,9,0,0
BRDA:143,9,1,0
BRDA:143,10,0,0
BRDA:143,10,1,0
BRDA:153,11,0,0
BRDA:153,11,1,0
BRDA:153,12,0,0
BRDA:153,12,1,0
BRDA:200,13,0,0
BRDA:200,13,1,0
BRDA:200,14,0,0
BRDA:200,14,1,0
BRDA:201,15,0,0
BRDA:201,15,1,0
BRDA:209,16,0,0
BRDA:209,16,1,0
BRDA:209,17,0,0
BRDA:209,17,1,0
BRDA:218,18,0,0
BRDA:218,18,1,0
BRDA:218,19,0,0
BRDA:218,19,1,0
BRDA:219,20,0,0
BRDA:219,20,1,0
BRDA:226,21,0,0
BRDA:226,21,1,0
BRDA:226,22,0,0
BRDA:226,22,1,0
BRDA:227,23,0,0
BRDA:227,23,1,0
BRDA:236,24,0,0
BRDA:236,24,1,0
BRDA:237,25,0,0
BRDA:237,25,1,0
BRDA:251,26,0,0
BRDA:251,26,1,0
BRDA:252,27,0,0
BRDA:252,27,1,0
BRDA:265,28,0,0
BRDA:265,28,1,0
BRDA:266,29,0,0
BRDA:266,29,1,0
BRDA:319,30,0,0
BRDA:319,30,1,0
BRDA:327,31,0,0
BRDA:327,31,1,0
BRDA:327,32,0,0
BRDA:327,32,1,0
BRF:61
BRH:0
end_of_record
TN:
SF:dashboard/public/js/chartjs-adapter.js
FN:16,(anonymous_0)
FN:36,(anonymous_1)
FN:45,(anonymous_2)
FN:49,(anonymous_3)
FN:52,(anonymous_4)
FN:91,(anonymous_5)
FN:110,(anonymous_6)
FN:116,(anonymous_7)
FN:117,(anonymous_8)
FN:124,(anonymous_9)
FN:134,(anonymous_10)
FN:141,(anonymous_11)
FN:144,(anonymous_12)
FN:145,(anonymous_13)
FN:146,(anonymous_14)
FN:180,(anonymous_15)
FN:187,(anonymous_16)
FN:189,(anonymous_17)
FN:190,(anonymous_18)
FN:210,(anonymous_19)
FN:213,(anonymous_20)
FN:233,(anonymous_21)
FN:240,(anonymous_22)
FN:243,(anonymous_23)
FN:280,(anonymous_24)
FN:285,(anonymous_25)
FN:286,(anonymous_26)
FN:293,(anonymous_27)
FN:295,(anonymous_28)
FN:327,(anonymous_29)
FN:346,(anonymous_30)
FN:359,(anonymous_31)
FN:369,(anonymous_32)
FN:373,(anonymous_33)
FNF:34
FNH:0
FNDA:0,(anonymous_0)
FNDA:0,(anonymous_1)
FNDA:0,(anonymous_2)
FNDA:0,(anonymous_3)
FNDA:0,(anonymous_4)
FNDA:0,(anonymous_5)
FNDA:0,(anonymous_6)
FNDA:0,(anonymous_7)
FNDA:0,(anonymous_8)
FNDA:0,(anonymous_9)
FNDA:0,(anonymous_10)
FNDA:0,(anonymous_11)
FNDA:0,(anonymous_12)
FNDA:0,(anonymous_13)
FNDA:0,(anonymous_14)
FNDA:0,(anonymous_15)
FNDA:0,(anonymous_16)
FNDA:0,(anonymous_17)
FNDA:0,(anonymous_18)
FNDA:0,(anonymous_19)
FNDA:0,(anonymous_20)
FNDA:0,(anonymous_21)
FNDA:0,(anonymous_22)
FNDA:0,(anonymous_23)
FNDA:0,(anonymous_24)
FNDA:0,(anonymous_25)
FNDA:0,(anonymous_26)
FNDA:0,(anonymous_27)
FNDA:0,(anonymous_28)
FNDA:0,(anonymous_29)
FNDA:0,(anonymous_30)
FNDA:0,(anonymous_31)
FNDA:0,(anonymous_32)
FNDA:0,(anonymous_33)
DA:17,0
DA:18,0
DA:30,0
DA:37,0
DA:38,0
DA:39,0
DA:46,0
DA:48,0
DA:49,0
DA:52,0
DA:66,0
DA:92,0
DA:100,0
DA:111,0
DA:114,0
DA:116,0
DA:117,0
DA:118,0
DA:125,0
DA:126,0
DA:127,0
DA:135,0
DA:136,0
DA:138,0
DA:140,0
DA:141,0
DA:144,0
DA:145,0
DA:146,0
DA:151,0
DA:170,0
DA:181,0
DA:182,0
DA:184,0
DA:186,0
DA:187,0
DA:189,0
DA:190,0
DA:196,0
DA:211,0
DA:212,0
DA:213,0
DA:214,0
DA:215,0
DA:223,0
DA:234,0
DA:235,0
DA:237,0
DA:239,0
DA:240,0
DA:243,0
DA:252,0
DA:270,0
DA:281,0
DA:284,0
DA:285,0
DA:286,0
DA:287,0
DA:291,0
DA:293,0
DA:295,0
DA:305,0
DA:328,0
DA:336,0
DA:347,0
DA:349,0
DA:350,0
DA:353,0
DA:360,0
DA:361,0
DA:363,0
DA:370,0
DA:372,0
DA:373,0
DA:374,0
DA:377,0
DA:378,0
DA:379,0
DA:380,0
DA:381,0
DA:382,0
DA:387,0
DA:388,0
LF:83
LH:0
BRDA:16,0,0,0
BRDA:45,1,0,0
BRDA:49,2,0,0
BRDA:49,2,1,0
BRDA:101,3,0,0
BRDA:101,3,1,0
BRDA:111,4,0,0
BRDA:111,4,1,0
BRDA:116,5,0,0
BRDA:116,5,1,0
BRDA:125,6,0,0
BRDA:125,6,1,0
BRDA:134,7,0,0
BRDA:141,8,0,0
BRDA:141,8,1,0
BRDA:180,9,0,0
BRDA:211,10,0,0
BRDA:211,10,1,0
BRDA:212,11,0,0
BRDA:212,11,1,0
BRDA:233,12,0,0
BRDA:280,13,0,0
BRDA:287,14,0,0
BRDA:287,14,1,0
BRDA:349,15,0,0
BRDA:349,15,1,0
BRDA:360,16,0,0
BRDA:360,16,1,0
BRDA:360,17,0,0
BRDA:360,17,1,0
BRDA:369,18,0,0
BRDA:370,19,0,0
BRDA:370,19,1,0
BRDA:370,20,0,0
BRDA:370,20,1,0
BRDA:374,21,0,0
BRDA:374,21,1,0
BRDA:387,22,0,0
BRDA:387,22,1,0
BRDA:387,23,0,0
BRDA:387,23,1,0
BRF:41
BRH:0
end_of_record
TN:
SF:dashboard/public/js/metrics-websocket-client.js
FN:13,(anonymous_0)
FN:47,(anonymous_1)
FN:48,(anonymous_2)
FN:54,(anonymous_3)
FN:63,(anonymous_4)
FN:67,(anonymous_5)
FN:73,(anonymous_6)
FN:90,(anonymous_7)
FN:135,(anonymous_8)
FN:161,(anonymous_9)
FN:179,(anonymous_10)
FN:197,(anonymous_11)
FN:211,(anonymous_12)
FN:218,(anonymous_13)
FN:226,(anonymous_14)
FN:228,(anonymous_15)
FN:246,(anonymous_16)
FN:256,(anonymous_17)
FN:270,(anonymous_18)
FN:271,(anonymous_19)
FN:280,(anonymous_20)
FN:290,(anonymous_21)
FN:301,(anonymous_22)
FN:303,(anonymous_23)
FN:310,(anonymous_24)
FN:312,(anonymous_25)
FN:325,(anonymous_26)
FN:332,(anonymous_27)
FN:338,(anonymous_28)
FNF:29
FNH:0
FNDA:0,(anonymous_0)
FNDA:0,(anonymous_1)
FNDA:0,(anonymous_2)
FNDA:0,(anonymous_3)
FNDA:0,(anonymous_4)
FNDA:0,(anonymous_5)
FNDA:0,(anonymous_6)
FNDA:0,(anonymous_7)
FNDA:0,(anonymous_8)
FNDA:0,(anonymous_9)
FNDA:0,(anonymous_10)
FNDA:0,(anonymous_11)
FNDA:0,(anonymous_12)
FNDA:0,(anonymous_13)
FNDA:0,(anonymous_14)
FNDA:0,(anonymous_15)
FNDA:0,(anonymous_16)
FNDA:0,(anonymous_17)
FNDA:0,(anonymous_18)
FNDA:0,(anonymous_19)
FNDA:0,(anonymous_20)
FNDA:0,(anonymous_21)
FNDA:0,(anonymous_22)
FNDA:0,(anonymous_23)
FNDA:0,(anonymous_24)
FNDA:0,(anonymous_25)
FNDA:0,(anonymous_26)
FNDA:0,(anonymous_27)
FNDA:0,(anonymous_28)
DA:14,0
DA:15,0
DA:16,0
DA:23,0
DA:24,0
DA:25,0
DA:26,0
DA:27,0
DA:28,0
DA:29,0
DA:30,0
DA:33,0
DA:48,0
DA:49,0
DA:50,0
DA:52,0
DA:54,0
DA:55,0
DA:56,0
DA:57,0
DA:58,0
DA:59,0
DA:60,0
DA:63,0
DA:64,0
DA:67,0
DA:68,0
DA:69,0
DA:70,0
DA:73,0
DA:74,0
DA:75,0
DA:76,0
DA:77,0
DA:78,0
DA:81,0
DA:82,0
DA:91,0
DA:92,0
DA:94,0
DA:95,0
DA:96,0
DA:99,0
DA:100,0
DA:103,0
DA:104,0
DA:107,0
DA:108,0
DA:111,0
DA:112,0
DA:113,0
DA:116,0
DA:117,0
DA:118,0
DA:121,0
DA:122,0
DA:125,0
DA:128,0
DA:136,0
DA:139,0
DA:140,0
DA:144,0
DA:145,0
DA:146,0
DA:150,0
DA:162,0
DA:163,0
DA:164,0
DA:167,0
DA:168,0
DA:173,0
DA:180,0
DA:181,0
DA:182,0
DA:185,0
DA:186,0
DA:191,0
DA:198,0
DA:199,0
DA:200,0
DA:203,0
DA:212,0
DA:219,0
DA:220,0
DA:227,0
DA:228,0
DA:229,0
DA:230,0
DA:232,0
DA:233,0
DA:234,0
DA:235,0
DA:238,0
DA:247,0
DA:248,0
DA:249,0
DA:257,0
DA:258,0
DA:259,0
DA:262,0
DA:263,0
DA:265,0
DA:270,0
DA:271,0
DA:272,0
DA:281,0
DA:282,0
DA:283,0
DA:291,0
DA:292,0
DA:294,0
DA:302,0
DA:303,0
DA:311,0
DA:312,0
DA:313,0
DA:314,0
DA:316,0
DA:326,0
DA:333,0
DA:338,0
DA:344,0
DA:345,0
LF:123
LH:0
BRDA:13,0,0,0
BRDA:17,1,0,0
BRDA:17,1,1,0
BRDA:18,2,0,0
BRDA:18,2,1,0
BRDA:19,3,0,0
BRDA:19,3,1,0
BRDA:92,4,0,0
BRDA:92,4,1,0
BRDA:92,4,2,0
BRDA:92,4,3,0
BRDA:92,4,4,0
BRDA:92,4,5,0
BRDA:92,4,6,0
BRDA:92,4,7,0
BRDA:139,5,0,0
BRDA:139,5,1,0
BRDA:145,6,0,0
BRDA:145,6,1,0
BRDA:162,7,0,0
BRDA:162,7,1,0
BRDA:180,8,0,0
BRDA:180,8,1,0
BRDA:198,9,0,0
BRDA:198,9,1,0
BRDA:212,10,0,0
BRDA:212,10,1,0
BRDA:218,11,0,0
BRDA:219,12,0,0
BRDA:219,12,1,0
BRDA:232,13,0,0
BRDA:232,13,1,0
BRDA:247,14,0,0
BRDA:247,14,1,0
BRDA:257,15,0,0
BRDA:257,15,1,0
BRDA:282,16,0,0
BRDA:282,16,1,0
BRDA:291,17,0,0
BRDA:291,17,1,0
BRDA:302,18,0,0
BRDA:302,18,1,0
BRDA:311,19,0,0
BRDA:311,19,1,0
BRDA:326,20,0,0
BRDA:326,20,1,0
BRDA:326,20,2,0
BRDA:344,21,0,0
BRDA:344,21,1,0
BRDA:344,22,0,0
BRDA:344,22,1,0
BRF:51
BRH:0
end_of_record
TN:
SF:scrapers/config.js
FNF:0
FNH:0
DA:3,0
DA:4,0
DA:5,0
DA:8,0
DA:10,0
LF:5
LH:0
BRDA:3,0,0,0
BRDA:3,0,1,0
BRDA:4,1,0,0
BRDA:4,1,1,0
BRF:4
BRH:0
end_of_record
TN:
SF:scrapers/exchange_registry.js
FN:11,loadExchangeData
FN:27,(anonymous_1)
FN:41,(anonymous_2)
FN:60,getExchange
FN:81,normalizedTickerForLookup
FN:91,reloadExchangeData
FNF:6
FNH:6
FNDA:53,loadExchangeData
FNDA:135824,(anonymous_1)
FNDA:75166,(anonymous_2)
FNDA:21,getExchange
FNDA:7,normalizedTickerForLookup
FNDA:25,reloadExchangeData
DA:1,2
DA:2,2
DA:3,2
DA:5,2
DA:6,2
DA:7,2
DA:9,2
DA:12,53
DA:14,26
DA:19,26
DA:20,26
DA:21,26
DA:22,26
DA:27,26
DA:28,135824
DA:29,135798
DA:34,26
DA:35,26
DA:36,26
DA:41,26
DA:42,75166
DA:43,75166
DA:48,0
DA:51,26
DA:52,26
DA:61,21
DA:62,18
DA:66,18
DA:69,18
DA:72,6
DA:74,1
DA:82,7
DA:84,4
DA:92,25
DA:93,25
DA:96,2
LF:36
LH:35
BRDA:12,0,0,27
BRDA:12,0,1,26
BRDA:20,1,0,26
BRDA:20,1,1,0
BRDA:28,2,0,135798
BRDA:28,2,1,26
BRDA:34,3,0,26
BRDA:34,3,1,0
BRDA:42,4,0,75166
BRDA:42,4,1,0
BRDA:61,5,0,3
BRDA:61,5,1,18
BRDA:69,6,0,12
BRDA:69,6,1,6
BRDA:69,7,0,18
BRDA:69,7,1,8
BRDA:72,8,0,5
BRDA:72,8,1,1
BRDA:72,9,0,6
BRDA:72,9,1,2
BRDA:82,10,0,3
BRDA:82,10,1,4
BRF:22
BRH:19
end_of_record
TN:
SF:scrapers/metrics-integration.js
FN:23,initializeMetricsCollector
FN:36,getMetricsCollector
FN:52,recordScraperMetrics
FN:111,recordNavigationMetrics
FN:152,createMetricsWrappedScraper
FN:153,wrappedScraper
FN:154,(anonymous_6)
FNF:7
FNH:7
FNDA:3,initializeMetricsCollector
FNDA:4,getMetricsCollector
FNDA:16,recordScraperMetrics
FNDA:3,recordNavigationMetrics
FNDA:3,createMetricsWrappedScraper
FNDA:2,wrappedScraper
FNDA:2,(anonymous_6)
DA:17,20
DA:24,3
DA:25,2
DA:26,2
DA:28,1
DA:37,4
DA:38,3
DA:40,4
DA:53,16
DA:54,16
DA:55,16
DA:56,16
DA:58,16
DA:60,16
DA:63,13
DA:64,12
DA:65,10
DA:66,2
DA:67,1
DA:68,1
DA:69,0
DA:70,1
DA:71,0
DA:75,13
DA:76,13
DA:78,3
DA:79,3
DA:80,3
DA:83,16
DA:85,16
DA:86,0
DA:87,0
DA:96,0
DA:112,3
DA:113,3
DA:114,3
DA:116,3
DA:118,3
DA:119,2
DA:120,2
DA:122,1
DA:123,1
DA:124,1
DA:127,3
DA:129,3
DA:130,0
DA:131,0
DA:139,0
DA:153,3
DA:154,2
DA:155,2
DA:162,20
LF:52
LH:44
BRDA:24,0,0,2
BRDA:24,0,1,1
BRDA:37,1,0,3
BRDA:37,1,1,1
BRDA:52,2,0,13
BRDA:63,3,0,12
BRDA:63,3,1,1
BRDA:63,4,0,13
BRDA:63,4,1,12
BRDA:64,5,0,10
BRDA:64,5,1,2
BRDA:66,6,0,1
BRDA:66,6,1,1
BRDA:66,7,0,2
BRDA:66,7,1,1
BRDA:68,8,0,0
BRDA:68,8,1,1
BRDA:68,9,0,1
BRDA:68,9,1,0
BRDA:70,10,0,0
BRDA:70,10,1,1
BRDA:79,11,0,3
BRDA:79,11,1,0
BRDA:85,12,0,0
BRDA:85,12,1,16
BRDA:89,13,0,0
BRDA:89,13,1,0
BRDA:111,14,0,2
BRDA:123,15,0,1
BRDA:123,15,1,0
BRDA:129,16,0,0
BRDA:129,16,1,3
BRDA:133,17,0,0
BRDA:133,17,1,0
BRDA:157,18,0,2
BRDA:157,18,1,2
BRDA:157,18,2,2
BRF:37
BRH:26
end_of_record
TN:
SF:scrapers/publish_to_kafka.js
FN:6,publishToKafka
FNF:1
FNH:0
FNDA:0,publishToKafka
DA:2,0
DA:3,0
DA:7,0
DA:8,0
DA:9,0
DA:10,0
DA:12,0
DA:13,0
DA:14,0
DA:15,0
DA:21,0
DA:22,0
DA:23,0
DA:24,0
DA:25,0
DA:30,0
DA:31,0
DA:33,0
DA:34,0
DA:36,0
DA:38,0
DA:39,0
DA:40,0
DA:42,0
DA:46,0
LF:25
LH:0
BRDA:13,0,0,0
BRDA:13,0,1,0
BRDA:13,1,0,0
BRDA:13,1,1,0
BRDA:14,2,0,0
BRDA:14,2,1,0
BRDA:14,3,0,0
BRDA:14,3,1,0
BRDA:15,4,0,0
BRDA:15,4,1,0
BRDA:15,5,0,0
BRDA:15,5,1,0
BRDA:21,6,0,0
BRDA:21,6,1,0
BRDA:31,7,0,0
BRDA:31,7,1,0
BRF:16
BRH:0
end_of_record
TN:
SF:scrapers/scrape_cnbc.js
FN:11,parseToIso
FN:32,cleanNumberText
FN:37,scrapeCNBC
FN:84,parseCNBCHtml
FN:109,(anonymous_4)
FN:154,(anonymous_5)
FN:162,parseChangeText
FN:251,(anonymous_7)
FNF:8
FNH:0
FNDA:0,parseToIso
FNDA:0,cleanNumberText
FNDA:0,scrapeCNBC
FNDA:0,parseCNBCHtml
FNDA:0,(anonymous_4)
FNDA:0,(anonymous_5)
FNDA:0,parseChangeText
FNDA:0,(anonymous_7)
DA:4,0
DA:5,0
DA:6,0
DA:7,0
DA:8,0
DA:9,0
DA:12,0
DA:13,0
DA:14,0
DA:15,0
DA:16,0
DA:18,0
DA:19,0
DA:21,0
DA:22,0
DA:23,0
DA:26,0
DA:27,0
DA:29,0
DA:33,0
DA:34,0
DA:38,0
DA:39,0
DA:40,0
DA:41,0
DA:42,0
DA:43,0
DA:44,0
DA:45,0
DA:47,0
DA:48,0
DA:49,0
DA:50,0
DA:51,0
DA:52,0
DA:53,0
DA:54,0
DA:56,0
DA:57,0
DA:59,0
DA:61,0
DA:62,0
DA:63,0
DA:64,0
DA:66,0
DA:67,0
DA:68,0
DA:69,0
DA:72,0
DA:74,0
DA:77,0
DA:78,0
DA:81,0
DA:85,0
DA:86,0
DA:88,0
DA:107,0
DA:109,0
DA:110,0
DA:111,0
DA:112,0
DA:113,0
DA:114,0
DA:115,0
DA:116,0
DA:117,0
DA:118,0
DA:119,0
DA:120,0
DA:122,0
DA:123,0
DA:124,0
DA:125,0
DA:126,0
DA:127,0
DA:128,0
DA:130,0
DA:131,0
DA:132,0
DA:133,0
DA:134,0
DA:136,0
DA:137,0
DA:138,0
DA:139,0
DA:141,0
DA:143,0
DA:146,0
DA:151,0
DA:152,0
DA:154,0
DA:155,0
DA:156,0
DA:157,0
DA:159,0
DA:163,0
DA:164,0
DA:165,0
DA:166,0
DA:169,0
DA:170,0
DA:179,0
DA:180,0
DA:184,0
DA:185,0
DA:186,0
DA:189,0
DA:190,0
DA:197,0
DA:198,0
DA:199,0
DA:200,0
DA:201,0
DA:202,0
DA:204,0
DA:205,0
DA:207,0
DA:208,0
DA:209,0
DA:212,0
DA:213,0
DA:214,0
DA:215,0
DA:216,0
DA:218,0
DA:219,0
DA:220,0
DA:221,0
DA:222,0
DA:223,0
DA:224,0
DA:225,0
DA:226,0
DA:229,0
DA:230,0
DA:231,0
DA:236,0
DA:237,0
DA:246,0
DA:251,0
DA:252,0
DA:253,0
DA:257,0
DA:260,0
LF:144
LH:0
BRDA:12,0,0,0
BRDA:12,0,1,0
BRDA:15,1,0,0
BRDA:15,1,1,0
BRDA:23,2,0,0
BRDA:23,2,1,0
BRDA:27,3,0,0
BRDA:27,3,1,0
BRDA:33,4,0,0
BRDA:33,4,1,0
BRDA:33,5,0,0
BRDA:33,5,1,0
BRDA:42,6,0,0
BRDA:42,6,1,0
BRDA:42,6,2,0
BRDA:43,7,0,0
BRDA:43,7,1,0
BRDA:54,8,0,0
BRDA:54,8,1,0
BRDA:56,9,0,0
BRDA:56,9,1,0
BRDA:59,10,0,0
BRDA:59,10,1,0
BRDA:77,11,0,0
BRDA:77,11,1,0
BRDA:85,12,0,0
BRDA:85,12,1,0
BRDA:86,13,0,0
BRDA:86,13,1,0
BRDA:86,14,0,0
BRDA:86,14,1,0
BRDA:109,15,0,0
BRDA:109,15,1,0
BRDA:111,16,0,0
BRDA:111,16,1,0
BRDA:115,17,0,0
BRDA:115,17,1,0
BRDA:123,18,0,0
BRDA:123,18,1,0
BRDA:127,19,0,0
BRDA:127,19,1,0
BRDA:130,20,0,0
BRDA:130,20,1,0
BRDA:141,21,0,0
BRDA:141,21,1,0
BRDA:151,22,0,0
BRDA:151,22,1,0
BRDA:151,23,0,0
BRDA:151,23,1,0
BRDA:157,24,0,0
BRDA:157,24,1,0
BRDA:163,25,0,0
BRDA:163,25,1,0
BRDA:165,26,0,0
BRDA:165,26,1,0
BRDA:166,27,0,0
BRDA:166,27,1,0
BRDA:169,28,0,0
BRDA:169,28,1,0
BRDA:179,29,0,0
BRDA:179,29,1,0
BRDA:185,30,0,0
BRDA:185,30,1,0
BRDA:186,31,0,0
BRDA:186,31,1,0
BRDA:189,32,0,0
BRDA:189,32,1,0
BRDA:197,33,0,0
BRDA:197,33,1,0
BRDA:197,34,0,0
BRDA:197,34,1,0
BRDA:199,35,0,0
BRDA:199,35,1,0
BRDA:205,36,0,0
BRDA:205,36,1,0
BRDA:209,37,0,0
BRDA:209,37,1,0
BRDA:212,38,0,0
BRDA:212,38,1,0
BRDA:212,39,0,0
BRDA:212,39,1,0
BRDA:214,40,0,0
BRDA:214,40,1,0
BRDA:215,41,0,0
BRDA:215,41,1,0
BRDA:222,42,0,0
BRDA:222,42,1,0
BRDA:222,43,0,0
BRDA:222,43,1,0
BRDA:224,44,0,0
BRDA:224,44,1,0
BRDA:225,45,0,0
BRDA:225,45,1,0
BRDA:230,46,0,0
BRDA:230,46,1,0
BRDA:231,47,0,0
BRDA:231,47,1,0
BRDA:236,48,0,0
BRDA:236,48,1,0
BRDA:252,49,0,0
BRDA:252,49,1,0
BRDA:252,50,0,0
BRDA:252,50,1,0
BRDA:252,50,2,0
BRF:104
BRH:0
end_of_record
TN:
SF:scrapers/scrape_google.js
FN:11,parseToIso
FN:46,scrapeGoogle
FN:81,(anonymous_2)
FNF:3
FNH:0
FNDA:0,parseToIso
FNDA:0,scrapeGoogle
FNDA:0,(anonymous_2)
DA:4,0
DA:5,0
DA:6,0
DA:7,0
DA:8,0
DA:9,0
DA:12,0
DA:13,0
DA:19,0
DA:20,0
DA:23,0
DA:24,0
DA:28,0
DA:29,0
DA:30,0
DA:32,0
DA:35,0
DA:36,0
DA:37,0
DA:40,0
DA:42,0
DA:47,0
DA:48,0
DA:49,0
DA:50,0
DA:51,0
DA:52,0
DA:53,0
DA:54,0
DA:55,0
DA:56,0
DA:57,0
DA:58,0
DA:59,0
DA:61,0
DA:63,0
DA:64,0
DA:65,0
DA:66,0
DA:67,0
DA:68,0
DA:69,0
DA:70,0
DA:71,0
DA:72,0
DA:73,0
DA:74,0
DA:75,0
DA:78,0
DA:79,0
DA:81,0
DA:82,0
DA:83,0
DA:84,0
DA:86,0
DA:87,0
DA:88,0
DA:89,0
DA:90,0
DA:92,0
DA:101,0
DA:102,0
DA:103,0
DA:106,0
DA:108,0
DA:109,0
DA:110,0
DA:114,0
DA:115,0
DA:120,0
DA:121,0
DA:122,0
DA:123,0
DA:124,0
DA:125,0
DA:127,0
DA:128,0
DA:129,0
DA:130,0
DA:133,0
DA:141,0
DA:147,0
DA:148,0
DA:149,0
DA:150,0
DA:151,0
DA:152,0
DA:154,0
DA:155,0
DA:156,0
DA:157,0
DA:159,0
DA:167,0
DA:176,0
DA:179,0
DA:198,0
DA:201,0
DA:202,0
DA:203,0
DA:204,0
DA:205,0
DA:207,0
DA:211,0
DA:212,0
DA:213,0
DA:214,0
DA:217,0
DA:219,0
DA:220,0
DA:223,0
DA:226,0
LF:111
LH:0
BRDA:12,0,0,0
BRDA:12,0,1,0
BRDA:20,1,0,0
BRDA:20,1,1,0
BRDA:24,2,0,0
BRDA:24,2,1,0
BRDA:29,3,0,0
BRDA:29,3,1,0
BRDA:36,4,0,0
BRDA:36,4,1,0
BRDA:59,5,0,0
BRDA:59,5,1,0
BRDA:83,6,0,0
BRDA:83,6,1,0
BRDA:83,7,0,0
BRDA:83,7,1,0
BRDA:86,8,0,0
BRDA:86,8,1,0
BRDA:88,9,0,0
BRDA:88,9,1,0
BRDA:101,10,0,0
BRDA:101,10,1,0
BRDA:101,11,0,0
BRDA:101,11,1,0
BRDA:101,11,2,0
BRDA:106,12,0,0
BRDA:106,12,1,0
BRDA:106,13,0,0
BRDA:106,13,1,0
BRDA:109,14,0,0
BRDA:109,14,1,0
BRDA:115,15,0,0
BRDA:115,15,1,0
BRDA:120,16,0,0
BRDA:120,16,1,0
BRDA:120,17,0,0
BRDA:120,17,1,0
BRDA:122,18,0,0
BRDA:122,18,1,0
BRDA:122,19,0,0
BRDA:122,19,1,0
BRDA:127,20,0,0
BRDA:127,20,1,0
BRDA:127,21,0,0
BRDA:127,21,1,0
BRDA:137,22,0,0
BRDA:137,22,1,0
BRDA:138,23,0,0
BRDA:138,23,1,0
BRDA:139,24,0,0
BRDA:139,24,1,0
BRDA:141,25,0,0
BRDA:141,25,1,0
BRDA:147,26,0,0
BRDA:147,26,1,0
BRDA:147,27,0,0
BRDA:147,27,1,0
BRDA:149,28,0,0
BRDA:149,28,1,0
BRDA:149,29,0,0
BRDA:149,29,1,0
BRDA:154,30,0,0
BRDA:154,30,1,0
BRDA:154,31,0,0
BRDA:154,31,1,0
BRDA:163,32,0,0
BRDA:163,32,1,0
BRDA:164,33,0,0
BRDA:164,33,1,0
BRDA:165,34,0,0
BRDA:165,34,1,0
BRDA:167,35,0,0
BRDA:167,35,1,0
BRDA:202,36,0,0
BRDA:202,36,1,0
BRDA:203,37,0,0
BRDA:203,37,1,0
BRDA:219,38,0,0
BRDA:219,38,1,0
BRF:79
BRH:0
end_of_record
TN:
SF:scrapers/scrape_investingcom_watchlists.js
FN:11,isWithinUpdateWindow
FN:19,(anonymous_1)
FN:21,(anonymous_2)
FN:58,isSuppressedPageError
FN:74,(anonymous_4)
FN:77,parseToIso
FN:111,scrapeInvestingComWatchlists
FN:137,(anonymous_7)
FN:142,(anonymous_8)
FN:184,(anonymous_9)
FN:204,(anonymous_10)
FN:206,(anonymous_11)
FN:283,(anonymous_12)
FNF:13
FNH:0
FNDA:0,isWithinUpdateWindow
FNDA:0,(anonymous_1)
FNDA:0,(anonymous_2)
FNDA:0,isSuppressedPageError
FNDA:0,(anonymous_4)
FNDA:0,parseToIso
FNDA:0,scrapeInvestingComWatchlists
FNDA:0,(anonymous_7)
FNDA:0,(anonymous_8)
FNDA:0,(anonymous_9)
FNDA:0,(anonymous_10)
FNDA:0,(anonymous_11)
FNDA:0,(anonymous_12)
DA:1,0
DA:2,0
DA:3,0
DA:12,0
DA:14,0
DA:15,0
DA:19,0
DA:20,0
DA:21,0
DA:23,0
DA:25,0
DA:26,0
DA:29,0
DA:30,0
DA:31,0
DA:32,0
DA:34,0
DA:36,0
DA:37,0
DA:41,0
DA:42,0
DA:43,0
DA:44,0
DA:47,0
DA:48,0
DA:49,0
DA:53,0
DA:54,0
DA:59,0
DA:60,0
DA:74,0
DA:78,0
DA:79,0
DA:86,0
DA:87,0
DA:88,0
DA:92,0
DA:94,0
DA:95,0
DA:96,0
DA:100,0
DA:101,0
DA:102,0
DA:105,0
DA:107,0
DA:112,0
DA:113,0
DA:114,0
DA:115,0
DA:117,0
DA:118,0
DA:119,0
DA:120,0
DA:123,0
DA:124,0
DA:125,0
DA:136,0
DA:137,0
DA:138,0
DA:139,0
DA:142,0
DA:143,0
DA:147,0
DA:149,0
DA:150,0
DA:151,0
DA:152,0
DA:153,0
DA:154,0
DA:156,0
DA:159,0
DA:160,0
DA:161,0
DA:162,0
DA:163,0
DA:164,0
DA:165,0
DA:169,0
DA:172,0
DA:173,0
DA:177,0
DA:179,0
DA:180,0
DA:181,0
DA:182,0
DA:183,0
DA:184,0
DA:186,0
DA:189,0
DA:190,0
DA:191,0
DA:193,0
DA:194,0
DA:195,0
DA:197,0
DA:198,0
DA:199,0
DA:200,0
DA:201,0
DA:203,0
DA:204,0
DA:205,0
DA:206,0
DA:207,0
DA:208,0
DA:209,0
DA:210,0
DA:214,0
DA:215,0
DA:216,0
DA:217,0
DA:218,0
DA:221,0
DA:222,0
DA:223,0
DA:224,0
DA:225,0
DA:229,0
DA:230,0
DA:231,0
DA:232,0
DA:233,0
DA:236,0
DA:238,0
DA:240,0
DA:242,0
DA:243,0
DA:249,0
DA:266,0
DA:268,0
DA:271,0
DA:272,0
DA:273,0
DA:275,0
DA:276,0
DA:279,0
DA:280,0
DA:281,0
DA:282,0
DA:283,0
DA:284,0
DA:286,0
DA:287,0
DA:290,0
DA:292,0
DA:293,0
DA:295,0
DA:296,0
DA:297,0
DA:298,0
DA:299,0
DA:302,0
DA:306,0
DA:307,0
DA:312,0
LF:155
LH:0
BRDA:12,0,0,0
BRDA:12,0,1,0
BRDA:12,1,0,0
BRDA:12,1,1,0
BRDA:12,1,2,0
BRDA:20,2,0,0
BRDA:20,2,1,0
BRDA:23,3,0,0
BRDA:23,3,1,0
BRDA:23,4,0,0
BRDA:23,4,1,0
BRDA:23,4,2,0
BRDA:36,5,0,0
BRDA:36,5,1,0
BRDA:36,6,0,0
BRDA:36,6,1,0
BRDA:36,6,2,0
BRDA:41,7,0,0
BRDA:41,7,1,0
BRDA:42,8,0,0
BRDA:42,8,1,0
BRDA:47,9,0,0
BRDA:47,9,1,0
BRDA:47,10,0,0
BRDA:47,10,1,0
BRDA:59,11,0,0
BRDA:59,11,1,0
BRDA:59,12,0,0
BRDA:59,12,1,0
BRDA:78,13,0,0
BRDA:78,13,1,0
BRDA:86,14,0,0
BRDA:86,14,1,0
BRDA:88,15,0,0
BRDA:88,15,1,0
BRDA:92,16,0,0
BRDA:92,16,1,0
BRDA:96,17,0,0
BRDA:96,17,1,0
BRDA:100,18,0,0
BRDA:100,18,1,0
BRDA:102,19,0,0
BRDA:102,19,1,0
BRDA:111,20,0,0
BRDA:113,21,0,0
BRDA:113,21,1,0
BRDA:138,22,0,0
BRDA:138,22,1,0
BRDA:139,23,0,0
BRDA:139,23,1,0
BRDA:139,24,0,0
BRDA:139,24,1,0
BRDA:143,25,0,0
BRDA:143,25,1,0
BRDA:143,26,0,0
BRDA:143,26,1,0
BRDA:159,27,0,0
BRDA:159,27,1,0
BRDA:203,28,0,0
BRDA:203,28,1,0
BRDA:208,29,0,0
BRDA:208,29,1,0
BRDA:210,30,0,0
BRDA:210,30,1,0
BRDA:214,31,0,0
BRDA:214,31,1,0
BRDA:214,32,0,0
BRDA:214,32,1,0
BRDA:216,33,0,0
BRDA:216,33,1,0
BRDA:218,34,0,0
BRDA:218,34,1,0
BRDA:222,35,0,0
BRDA:222,35,1,0
BRDA:223,36,0,0
BRDA:223,36,1,0
BRDA:224,37,0,0
BRDA:224,37,1,0
BRDA:224,38,0,0
BRDA:224,38,1,0
BRDA:224,38,2,0
BRDA:236,39,0,0
BRDA:236,39,1,0
BRDA:236,40,0,0
BRDA:236,40,1,0
BRDA:238,41,0,0
BRDA:238,41,1,0
BRDA:238,41,2,0
BRDA:238,41,3,0
BRDA:238,41,4,0
BRDA:238,41,5,0
BRDA:240,42,0,0
BRDA:240,42,1,0
BRDA:242,43,0,0
BRDA:242,43,1,0
BRDA:242,44,0,0
BRDA:242,44,1,0
BRDA:256,45,0,0
BRDA:256,45,1,0
BRDA:258,46,0,0
BRDA:258,46,1,0
BRDA:275,47,0,0
BRDA:275,47,1,0
BRDA:276,48,0,0
BRDA:276,48,1,0
BRDA:282,49,0,0
BRDA:282,49,1,0
BRDA:293,50,0,0
BRDA:293,50,1,0
BRDA:296,51,0,0
BRDA:296,51,1,0
BRDA:306,52,0,0
BRDA:306,52,1,0
BRF:113
BRH:0
end_of_record
TN:
SF:scrapers/scrape_marketbeat.js
FN:8,scrapeMarketBeat
FN:49,parseMarketBeatHtml
FN:72,(anonymous_2)
FNF:3
FNH:0
FNDA:0,scrapeMarketBeat
FNDA:0,parseMarketBeatHtml
FNDA:0,(anonymous_2)
DA:1,0
DA:2,0
DA:3,0
DA:4,0
DA:5,0
DA:6,0
DA:9,0
DA:10,0
DA:11,0
DA:12,0
DA:13,0
DA:14,0
DA:15,0
DA:16,0
DA:18,0
DA:19,0
DA:20,0
DA:21,0
DA:22,0
DA:23,0
DA:24,0
DA:25,0
DA:27,0
DA:28,0
DA:29,0
DA:31,0
DA:32,0
DA:33,0
DA:34,0
DA:35,0
DA:37,0
DA:38,0
DA:39,0
DA:40,0
DA:41,0
DA:42,0
DA:44,0
DA:45,0
DA:46,0
DA:50,0
DA:51,0
DA:53,0
DA:54,0
DA:55,0
DA:56,0
DA:57,0
DA:59,0
DA:68,0
DA:69,0
DA:72,0
DA:73,0
DA:76,0
DA:77,0
DA:78,0
DA:81,0
DA:82,0
DA:83,0
DA:85,0
DA:87,0
DA:88,0
DA:89,0
DA:94,0
DA:96,0
DA:97,0
DA:104,0
DA:106,0
DA:107,0
DA:109,0
DA:110,0
DA:114,0
DA:117,0
DA:129,0
LF:72
LH:0
BRDA:13,0,0,0
BRDA:13,0,1,0
BRDA:14,1,0,0
BRDA:14,1,1,0
BRDA:25,2,0,0
BRDA:25,2,1,0
BRDA:27,3,0,0
BRDA:27,3,1,0
BRDA:29,4,0,0
BRDA:29,4,1,0
BRDA:32,5,0,0
BRDA:32,5,1,0
BRDA:33,6,0,0
BRDA:33,6,1,0
BRDA:45,7,0,0
BRDA:45,7,1,0
BRDA:50,8,0,0
BRDA:50,8,1,0
BRDA:51,9,0,0
BRDA:51,9,1,0
BRDA:51,10,0,0
BRDA:51,10,1,0
BRDA:69,11,0,0
BRDA:69,11,1,0
BRDA:76,12,0,0
BRDA:76,12,1,0
BRDA:82,13,0,0
BRDA:82,13,1,0
BRDA:87,14,0,0
BRDA:87,14,1,0
BRDA:94,15,0,0
BRDA:94,15,1,0
BRDA:94,16,0,0
BRDA:94,16,1,0
BRDA:107,17,0,0
BRDA:107,17,1,0
BRDA:119,18,0,0
BRDA:119,18,1,0
BRDA:120,19,0,0
BRDA:120,19,1,0
BRDA:121,20,0,0
BRDA:121,20,1,0
BRDA:122,21,0,0
BRDA:122,21,1,0
BRDA:125,22,0,0
BRDA:125,22,1,0
BRF:46
BRH:0
end_of_record
TN:
SF:scrapers/scrape_marketwatch.js
FN:11,parseToIso
FN:45,cleanNumberText
FN:50,scrapeMarketWatch
FN:76,(anonymous_3)
FN:87,(anonymous_4)
FN:96,(anonymous_5)
FN:138,parseMarketWatchHtml
FN:159,(anonymous_7)
FNF:8
FNH:0
FNDA:0,parseToIso
FNDA:0,cleanNumberText
FNDA:0,scrapeMarketWatch
FNDA:0,(anonymous_3)
FNDA:0,(anonymous_4)
FNDA:0,(anonymous_5)
FNDA:0,parseMarketWatchHtml
FNDA:0,(anonymous_7)
DA:4,0
DA:5,0
DA:6,0
DA:7,0
DA:8,0
DA:9,0
DA:12,0
DA:13,0
DA:15,0
DA:19,0
DA:24,0
DA:26,0
DA:27,0
DA:34,0
DA:35,0
DA:36,0
DA:39,0
DA:40,0
DA:42,0
DA:46,0
DA:47,0
DA:51,0
DA:52,0
DA:53,0
DA:54,0
DA:55,0
DA:56,0
DA:57,0
DA:58,0
DA:60,0
DA:61,0
DA:62,0
DA:63,0
DA:71,0
DA:74,0
DA:75,0
DA:76,0
DA:77,0
DA:81,0
DA:82,0
DA:85,0
DA:86,0
DA:87,0
DA:91,0
DA:92,0
DA:93,0
DA:95,0
DA:96,0
DA:97,0
DA:99,0
DA:104,0
DA:105,0
DA:107,0
DA:110,0
DA:111,0
DA:112,0
DA:114,0
DA:115,0
DA:117,0
DA:118,0
DA:119,0
DA:121,0
DA:122,0
DA:123,0
DA:124,0
DA:127,0
DA:128,0
DA:131,0
DA:132,0
DA:135,0
DA:139,0
DA:140,0
DA:142,0
DA:157,0
DA:159,0
DA:161,0
DA:162,0
DA:163,0
DA:164,0
DA:166,0
DA:167,0
DA:168,0
DA:169,0
DA:174,0
DA:175,0
DA:176,0
DA:177,0
DA:189,0
DA:190,0
DA:199,0
DA:203,0
DA:204,0
DA:207,0
LF:93
LH:0
BRDA:12,0,0,0
BRDA:12,0,1,0
BRDA:36,1,0,0
BRDA:36,1,1,0
BRDA:40,2,0,0
BRDA:40,2,1,0
BRDA:46,3,0,0
BRDA:46,3,1,0
BRDA:46,4,0,0
BRDA:46,4,1,0
BRDA:55,5,0,0
BRDA:55,5,1,0
BRDA:56,6,0,0
BRDA:56,6,1,0
BRDA:92,7,0,0
BRDA:92,7,1,0
BRDA:112,8,0,0
BRDA:112,8,1,0
BRDA:114,9,0,0
BRDA:114,9,1,0
BRDA:117,10,0,0
BRDA:117,10,1,0
BRDA:118,11,0,0
BRDA:118,11,1,0
BRDA:131,12,0,0
BRDA:131,12,1,0
BRDA:139,13,0,0
BRDA:139,13,1,0
BRDA:140,14,0,0
BRDA:140,14,1,0
BRDA:140,15,0,0
BRDA:140,15,1,0
BRDA:166,16,0,0
BRDA:166,16,1,0
BRDA:167,17,0,0
BRDA:167,17,1,0
BRDA:168,18,0,0
BRDA:168,18,1,0
BRDA:169,19,0,0
BRDA:169,19,1,0
BRDA:175,20,0,0
BRDA:175,20,1,0
BRDA:190,21,0,0
BRDA:190,21,1,0
BRF:44
BRH:0
end_of_record
TN:
SF:scrapers/scrape_moomoo.js
FN:8,scrapeMoomoo
FN:49,parseMoomooHtml
FNF:2
FNH:0
FNDA:0,scrapeMoomoo
FNDA:0,parseMoomooHtml
DA:1,0
DA:2,0
DA:3,0
DA:4,0
DA:5,0
DA:6,0
DA:9,0
DA:10,0
DA:11,0
DA:12,0
DA:13,0
DA:14,0
DA:15,0
DA:16,0
DA:18,0
DA:19,0
DA:20,0
DA:21,0
DA:22,0
DA:23,0
DA:24,0
DA:25,0
DA:27,0
DA:28,0
DA:29,0
DA:31,0
DA:32,0
DA:33,0
DA:34,0
DA:35,0
DA:37,0
DA:38,0
DA:39,0
DA:40,0
DA:41,0
DA:42,0
DA:44,0
DA:45,0
DA:46,0
DA:50,0
DA:51,0
DA:53,0
DA:54,0
DA:55,0
DA:56,0
DA:57,0
DA:59,0
DA:61,0
DA:62,0
DA:63,0
DA:64,0
DA:68,0
DA:69,0
DA:70,0
DA:71,0
DA:75,0
DA:76,0
DA:77,0
DA:78,0
DA:82,0
DA:83,0
DA:84,0
DA:89,0
DA:90,0
DA:91,0
DA:93,0
DA:95,0
DA:99,0
DA:102,0
DA:114,0
LF:70
LH:0
BRDA:13,0,0,0
BRDA:13,0,1,0
BRDA:14,1,0,0
BRDA:14,1,1,0
BRDA:25,2,0,0
BRDA:25,2,1,0
BRDA:27,3,0,0
BRDA:27,3,1,0
BRDA:29,4,0,0
BRDA:29,4,1,0
BRDA:32,5,0,0
BRDA:32,5,1,0
BRDA:33,6,0,0
BRDA:33,6,1,0
BRDA:45,7,0,0
BRDA:45,7,1,0
BRDA:50,8,0,0
BRDA:50,8,1,0
BRDA:51,9,0,0
BRDA:51,9,1,0
BRDA:51,10,0,0
BRDA:51,10,1,0
BRDA:62,11,0,0
BRDA:62,11,1,0
BRDA:69,12,0,0
BRDA:69,12,1,0
BRDA:76,13,0,0
BRDA:76,13,1,0
BRDA:82,14,0,0
BRDA:82,14,1,0
BRDA:82,15,0,0
BRDA:82,15,1,0
BRDA:90,16,0,0
BRDA:90,16,1,0
BRDA:104,17,0,0
BRDA:104,17,1,0
BRDA:105,18,0,0
BRDA:105,18,1,0
BRDA:106,19,0,0
BRDA:106,19,1,0
BRDA:107,20,0,0
BRDA:107,20,1,0
BRDA:110,21,0,0
BRDA:110,21,1,0
BRF:44
BRH:0
end_of_record
TN:
SF:scrapers/scrape_nasdaq.js
FN:12,parseToIso
FN:28,cleanNumberText
FN:33,scrapeNasdaq
FN:170,parseNasdaqHtml
FN:189,(anonymous_4)
FN:239,(anonymous_5)
FN:245,(anonymous_6)
FN:253,(anonymous_7)
FN:256,(anonymous_8)
FN:258,(anonymous_9)
FN:271,(anonymous_10)
FN:274,(anonymous_11)
FN:276,(anonymous_12)
FN:289,(anonymous_13)
FN:317,fetchNasdaqApi
FN:328,(anonymous_15)
FN:329,(anonymous_16)
FN:332,(anonymous_17)
FNF:18
FNH:0
FNDA:0,parseToIso
FNDA:0,cleanNumberText
FNDA:0,scrapeNasdaq
FNDA:0,parseNasdaqHtml
FNDA:0,(anonymous_4)
FNDA:0,(anonymous_5)
FNDA:0,(anonymous_6)
FNDA:0,(anonymous_7)
FNDA:0,(anonymous_8)
FNDA:0,(anonymous_9)
FNDA:0,(anonymous_10)
FNDA:0,(anonymous_11)
FNDA:0,(anonymous_12)
FNDA:0,(anonymous_13)
FNDA:0,fetchNasdaqApi
FNDA:0,(anonymous_15)
FNDA:0,(anonymous_16)
FNDA:0,(anonymous_17)
DA:4,0
DA:5,0
DA:6,0
DA:7,0
DA:8,0
DA:9,0
DA:10,0
DA:13,0
DA:14,0
DA:15,0
DA:16,0
DA:17,0
DA:18,0
DA:19,0
DA:20,0
DA:21,0
DA:23,0
DA:24,0
DA:25,0
DA:29,0
DA:30,0
DA:34,0
DA:35,0
DA:36,0
DA:37,0
DA:38,0
DA:39,0
DA:40,0
DA:41,0
DA:43,0
DA:44,0
DA:45,0
DA:46,0
DA:49,0
DA:50,0
DA:51,0
DA:54,0
DA:55,0
DA:56,0
DA:57,0
DA:58,0
DA:59,0
DA:60,0
DA:64,0
DA:66,0
DA:67,0
DA:68,0
DA:69,0
DA:70,0
DA:71,0
DA:72,0
DA:73,0
DA:75,0
DA:78,0
DA:79,0
DA:80,0
DA:82,0
DA:83,0
DA:84,0
DA:85,0
DA:86,0
DA:87,0
DA:88,0
DA:89,0
DA:90,0
DA:91,0
DA:92,0
DA:95,0
DA:96,0
DA:97,0
DA:98,0
DA:99,0
DA:100,0
DA:102,0
DA:103,0
DA:104,0
DA:105,0
DA:108,0
DA:111,0
DA:114,0
DA:115,0
DA:116,0
DA:118,0
DA:121,0
DA:122,0
DA:123,0
DA:124,0
DA:125,0
DA:126,0
DA:127,0
DA:129,0
DA:131,0
DA:132,0
DA:133,0
DA:134,0
DA:135,0
DA:136,0
DA:137,0
DA:138,0
DA:139,0
DA:140,0
DA:141,0
DA:142,0
DA:146,0
DA:147,0
DA:151,0
DA:152,0
DA:153,0
DA:154,0
DA:155,0
DA:156,0
DA:158,0
DA:159,0
DA:160,0
DA:161,0
DA:162,0
DA:163,0
DA:165,0
DA:166,0
DA:167,0
DA:171,0
DA:172,0
DA:174,0
DA:175,0
DA:176,0
DA:177,0
DA:178,0
DA:179,0
DA:180,0
DA:181,0
DA:182,0
DA:183,0
DA:184,0
DA:186,0
DA:188,0
DA:189,0
DA:190,0
DA:191,0
DA:192,0
DA:193,0
DA:194,0
DA:195,0
DA:196,0
DA:197,0
DA:198,0
DA:199,0
DA:200,0
DA:201,0
DA:202,0
DA:203,0
DA:204,0
DA:205,0
DA:206,0
DA:207,0
DA:208,0
DA:209,0
DA:210,0
DA:221,0
DA:222,0
DA:223,0
DA:225,0
DA:226,0
DA:227,0
DA:228,0
DA:229,0
DA:230,0
DA:231,0
DA:232,0
DA:238,0
DA:239,0
DA:240,0
DA:241,0
DA:242,0
DA:244,0
DA:245,0
DA:246,0
DA:252,0
DA:253,0
DA:254,0
DA:255,0
DA:256,0
DA:257,0
DA:258,0
DA:259,0
DA:260,0
DA:261,0
DA:262,0
DA:263,0
DA:270,0
DA:271,0
DA:272,0
DA:273,0
DA:274,0
DA:275,0
DA:276,0
DA:277,0
DA:278,0
DA:279,0
DA:280,0
DA:281,0
DA:288,0
DA:289,0
DA:290,0
DA:291,0
DA:292,0
DA:293,0
DA:299,0
DA:302,0
DA:319,0
DA:320,0
DA:327,0
DA:328,0
DA:329,0
DA:332,0
DA:333,0
DA:334,0
DA:335,0
DA:337,0
DA:338,0
DA:340,0
DA:341,0
DA:342,0
DA:343,0
DA:344,0
DA:345,0
DA:346,0
DA:349,0
DA:350,0
DA:351,0
DA:352,0
DA:353,0
DA:355,0
DA:356,0
DA:357,0
DA:358,0
DA:361,0
DA:362,0
DA:363,0
DA:364,0
DA:365,0
DA:366,0
DA:371,0
DA:372,0
DA:373,0
DA:374,0
DA:376,0
DA:377,0
DA:378,0
DA:379,0
DA:380,0
DA:382,0
DA:383,0
DA:384,0
DA:385,0
DA:386,0
DA:387,0
DA:391,0
DA:393,0
DA:397,0
DA:398,0
DA:399,0
DA:400,0
DA:401,0
DA:405,0
DA:406,0
DA:407,0
DA:409,0
DA:414,0
DA:418,0
DA:419,0
DA:420,0
DA:421,0
DA:422,0
DA:423,0
DA:424,0
DA:425,0
DA:426,0
DA:428,0
DA:432,0
DA:434,0
DA:437,0
LF:281
LH:0
BRDA:13,0,0,0
BRDA:13,0,1,0
BRDA:15,1,0,0
BRDA:15,1,1,0
BRDA:21,2,0,0
BRDA:21,2,1,0
BRDA:24,3,0,0
BRDA:24,3,1,0
BRDA:29,4,0,0
BRDA:29,4,1,0
BRDA:29,5,0,0
BRDA:29,5,1,0
BRDA:38,6,0,0
BRDA:38,6,1,0
BRDA:38,6,2,0
BRDA:39,7,0,0
BRDA:39,7,1,0
BRDA:57,8,0,0
BRDA:57,8,1,0
BRDA:59,9,0,0
BRDA:59,9,1,0
BRDA:59,10,0,0
BRDA:59,10,1,0
BRDA:66,11,0,0
BRDA:66,11,1,0
BRDA:72,12,0,0
BRDA:72,12,1,0
BRDA:82,13,0,0
BRDA:82,13,1,0
BRDA:82,13,2,0
BRDA:83,14,0,0
BRDA:83,14,1,0
BRDA:83,14,2,0
BRDA:84,15,0,0
BRDA:84,15,1,0
BRDA:84,15,2,0
BRDA:85,16,0,0
BRDA:85,16,1,0
BRDA:85,16,2,0
BRDA:86,17,0,0
BRDA:86,17,1,0
BRDA:86,17,2,0
BRDA:87,18,0,0
BRDA:87,18,1,0
BRDA:87,18,2,0
BRDA:88,19,0,0
BRDA:88,19,1,0
BRDA:88,19,2,0
BRDA:89,20,0,0
BRDA:89,20,1,0
BRDA:89,20,2,0
BRDA:90,21,0,0
BRDA:90,21,1,0
BRDA:90,21,2,0
BRDA:91,22,0,0
BRDA:91,22,1,0
BRDA:91,22,2,0
BRDA:92,23,0,0
BRDA:92,23,1,0
BRDA:92,23,2,0
BRDA:92,23,3,0
BRDA:96,24,0,0
BRDA:96,24,1,0
BRDA:96,24,2,0
BRDA:97,25,0,0
BRDA:97,25,1,0
BRDA:97,26,0,0
BRDA:97,26,1,0
BRDA:97,26,2,0
BRDA:98,27,0,0
BRDA:98,27,1,0
BRDA:98,27,2,0
BRDA:99,28,0,0
BRDA:99,28,1,0
BRDA:99,28,2,0
BRDA:100,29,0,0
BRDA:100,29,1,0
BRDA:100,29,2,0
BRDA:102,30,0,0
BRDA:102,30,1,0
BRDA:102,31,0,0
BRDA:102,31,1,0
BRDA:102,31,2,0
BRDA:103,32,0,0
BRDA:103,32,1,0
BRDA:103,32,2,0
BRDA:103,32,3,0
BRDA:104,33,0,0
BRDA:104,33,1,0
BRDA:104,33,2,0
BRDA:104,33,3,0
BRDA:105,34,0,0
BRDA:105,34,1,0
BRDA:105,34,2,0
BRDA:105,34,3,0
BRDA:111,35,0,0
BRDA:111,35,1,0
BRDA:111,35,2,0
BRDA:111,35,3,0
BRDA:111,35,4,0
BRDA:111,35,5,0
BRDA:111,35,6,0
BRDA:111,35,7,0
BRDA:114,36,0,0
BRDA:114,36,1,0
BRDA:121,37,0,0
BRDA:121,37,1,0
BRDA:127,38,0,0
BRDA:127,38,1,0
BRDA:129,39,0,0
BRDA:129,39,1,0
BRDA:131,40,0,0
BRDA:131,40,1,0
BRDA:131,40,2,0
BRDA:132,41,0,0
BRDA:132,41,1,0
BRDA:132,41,2,0
BRDA:133,42,0,0
BRDA:133,42,1,0
BRDA:133,42,2,0
BRDA:134,43,0,0
BRDA:134,43,1,0
BRDA:134,43,2,0
BRDA:135,44,0,0
BRDA:135,44,1,0
BRDA:135,44,2,0
BRDA:136,45,0,0
BRDA:136,45,1,0
BRDA:136,45,2,0
BRDA:137,46,0,0
BRDA:137,46,1,0
BRDA:137,46,2,0
BRDA:138,47,0,0
BRDA:138,47,1,0
BRDA:138,47,2,0
BRDA:139,48,0,0
BRDA:139,48,1,0
BRDA:139,48,2,0
BRDA:140,49,0,0
BRDA:140,49,1,0
BRDA:140,49,2,0
BRDA:141,50,0,0
BRDA:141,50,1,0
BRDA:141,50,2,0
BRDA:141,50,3,0
BRDA:141,50,4,0
BRDA:147,51,0,0
BRDA:147,51,1,0
BRDA:151,52,0,0
BRDA:151,52,1,0
BRDA:153,53,0,0
BRDA:153,53,1,0
BRDA:154,54,0,0
BRDA:154,54,1,0
BRDA:166,55,0,0
BRDA:166,55,1,0
BRDA:171,56,0,0
BRDA:171,56,1,0
BRDA:172,57,0,0
BRDA:172,57,1,0
BRDA:172,58,0,0
BRDA:172,58,1,0
BRDA:189,59,0,0
BRDA:189,59,1,0
BRDA:190,60,0,0
BRDA:190,60,1,0
BRDA:191,61,0,0
BRDA:191,61,1,0
BRDA:191,62,0,0
BRDA:191,62,1,0
BRDA:194,63,0,0
BRDA:194,63,1,0
BRDA:194,64,0,0
BRDA:194,64,1,0
BRDA:194,64,2,0
BRDA:194,64,3,0
BRDA:194,64,4,0
BRDA:196,65,0,0
BRDA:196,65,1,0
BRDA:197,66,0,0
BRDA:197,66,1,0
BRDA:198,67,0,0
BRDA:198,67,1,0
BRDA:199,68,0,0
BRDA:199,68,1,0
BRDA:200,69,0,0
BRDA:200,69,1,0
BRDA:200,70,0,0
BRDA:200,70,1,0
BRDA:201,71,0,0
BRDA:201,71,1,0
BRDA:201,72,0,0
BRDA:201,72,1,0
BRDA:202,73,0,0
BRDA:202,73,1,0
BRDA:202,74,0,0
BRDA:202,74,1,0
BRDA:203,75,0,0
BRDA:203,75,1,0
BRDA:203,76,0,0
BRDA:203,76,1,0
BRDA:204,77,0,0
BRDA:204,77,1,0
BRDA:204,78,0,0
BRDA:204,78,1,0
BRDA:205,79,0,0
BRDA:205,79,1,0
BRDA:205,80,0,0
BRDA:205,80,1,0
BRDA:206,81,0,0
BRDA:206,81,1,0
BRDA:207,82,0,0
BRDA:207,82,1,0
BRDA:207,83,0,0
BRDA:207,83,1,0
BRDA:207,83,2,0
BRDA:209,84,0,0
BRDA:209,84,1,0
BRDA:210,85,0,0
BRDA:210,85,1,0
BRDA:221,86,0,0
BRDA:221,86,1,0
BRDA:223,87,0,0
BRDA:223,87,1,0
BRDA:223,88,0,0
BRDA:223,88,1,0
BRDA:225,89,0,0
BRDA:225,89,1,0
BRDA:225,90,0,0
BRDA:225,90,1,0
BRDA:227,91,0,0
BRDA:227,91,1,0
BRDA:227,92,0,0
BRDA:227,92,1,0
BRDA:230,93,0,0
BRDA:230,93,1,0
BRDA:232,94,0,0
BRDA:232,94,1,0
BRDA:238,95,0,0
BRDA:238,95,1,0
BRDA:240,96,0,0
BRDA:240,96,1,0
BRDA:240,97,0,0
BRDA:240,97,1,0
BRDA:242,98,0,0
BRDA:242,98,1,0
BRDA:242,99,0,0
BRDA:242,99,1,0
BRDA:242,99,2,0
BRDA:246,100,0,0
BRDA:246,100,1,0
BRDA:246,101,0,0
BRDA:246,101,1,0
BRDA:252,102,0,0
BRDA:252,102,1,0
BRDA:254,103,0,0
BRDA:254,103,1,0
BRDA:254,104,0,0
BRDA:254,104,1,0
BRDA:257,105,0,0
BRDA:257,105,1,0
BRDA:257,106,0,0
BRDA:257,106,1,0
BRDA:259,107,0,0
BRDA:259,107,1,0
BRDA:259,108,0,0
BRDA:259,108,1,0
BRDA:261,109,0,0
BRDA:261,109,1,0
BRDA:263,110,0,0
BRDA:263,110,1,0
BRDA:270,111,0,0
BRDA:270,111,1,0
BRDA:272,112,0,0
BRDA:272,112,1,0
BRDA:272,113,0,0
BRDA:272,113,1,0
BRDA:275,114,0,0
BRDA:275,114,1,0
BRDA:275,115,0,0
BRDA:275,115,1,0
BRDA:277,116,0,0
BRDA:277,116,1,0
BRDA:277,117,0,0
BRDA:277,117,1,0
BRDA:279,118,0,0
BRDA:279,118,1,0
BRDA:281,119,0,0
BRDA:281,119,1,0
BRDA:288,120,0,0
BRDA:288,120,1,0
BRDA:290,121,0,0
BRDA:290,121,1,0
BRDA:290,122,0,0
BRDA:290,122,1,0
BRDA:293,123,0,0
BRDA:293,123,1,0
BRDA:304,124,0,0
BRDA:304,124,1,0
BRDA:305,125,0,0
BRDA:305,125,1,0
BRDA:306,126,0,0
BRDA:306,126,1,0
BRDA:307,127,0,0
BRDA:307,127,1,0
BRDA:308,128,0,0
BRDA:308,128,1,0
BRDA:309,129,0,0
BRDA:309,129,1,0
BRDA:310,130,0,0
BRDA:310,130,1,0
BRDA:311,131,0,0
BRDA:311,131,1,0
BRDA:328,132,0,0
BRDA:328,132,1,0
BRDA:329,133,0,0
BRDA:329,133,1,0
BRDA:333,134,0,0
BRDA:333,134,1,0
BRDA:333,135,0,0
BRDA:333,135,1,0
BRDA:333,135,2,0
BRDA:334,136,0,0
BRDA:334,136,1,0
BRDA:334,137,0,0
BRDA:334,137,1,0
BRDA:334,137,2,0
BRDA:334,137,3,0
BRDA:334,138,0,0
BRDA:334,138,1,0
BRDA:335,139,0,0
BRDA:335,139,1,0
BRDA:335,140,0,0
BRDA:335,140,1,0
BRDA:335,140,2,0
BRDA:335,140,3,0
BRDA:335,140,4,0
BRDA:340,141,0,0
BRDA:340,141,1,0
BRDA:340,142,0,0
BRDA:340,142,1,0
BRDA:343,143,0,0
BRDA:343,143,1,0
BRDA:345,144,0,0
BRDA:345,144,1,0
BRDA:350,145,0,0
BRDA:350,145,1,0
BRDA:351,146,0,0
BRDA:351,146,1,0
BRDA:351,146,2,0
BRDA:351,146,3,0
BRDA:352,147,0,0
BRDA:352,147,1,0
BRDA:352,147,2,0
BRDA:353,148,0,0
BRDA:353,148,1,0
BRDA:353,148,2,0
BRDA:355,149,0,0
BRDA:355,149,1,0
BRDA:356,150,0,0
BRDA:356,150,1,0
BRDA:356,151,0,0
BRDA:356,151,1,0
BRDA:356,151,2,0
BRDA:356,151,3,0
BRDA:356,151,4,0
BRDA:357,152,0,0
BRDA:357,152,1,0
BRDA:357,153,0,0
BRDA:357,153,1,0
BRDA:357,153,2,0
BRDA:357,153,3,0
BRDA:358,154,0,0
BRDA:358,154,1,0
BRDA:358,154,2,0
BRDA:358,154,3,0
BRDA:361,155,0,0
BRDA:361,155,1,0
BRDA:361,156,0,0
BRDA:361,156,1,0
BRDA:361,156,2,0
BRDA:361,156,3,0
BRDA:361,156,4,0
BRDA:362,157,0,0
BRDA:362,157,1,0
BRDA:362,158,0,0
BRDA:362,158,1,0
BRDA:362,158,2,0
BRDA:362,158,3,0
BRDA:363,159,0,0
BRDA:363,159,1,0
BRDA:363,159,2,0
BRDA:363,159,3,0
BRDA:363,159,4,0
BRDA:364,160,0,0
BRDA:364,160,1,0
BRDA:364,161,0,0
BRDA:364,161,1,0
BRDA:364,161,2,0
BRDA:364,161,3,0
BRDA:364,161,4,0
BRDA:365,162,0,0
BRDA:365,162,1,0
BRDA:365,163,0,0
BRDA:365,163,1,0
BRDA:365,163,2,0
BRDA:366,164,0,0
BRDA:366,164,1,0
BRDA:366,164,2,0
BRDA:366,164,3,0
BRDA:372,165,0,0
BRDA:372,165,1,0
BRDA:372,165,2,0
BRDA:372,165,3,0
BRDA:376,166,0,0
BRDA:376,166,1,0
BRDA:376,167,0,0
BRDA:376,167,1,0
BRDA:376,167,2,0
BRDA:377,168,0,0
BRDA:377,168,1,0
BRDA:378,169,0,0
BRDA:378,169,1,0
BRDA:379,170,0,0
BRDA:379,170,1,0
BRDA:380,171,0,0
BRDA:380,171,1,0
BRDA:382,172,0,0
BRDA:382,172,1,0
BRDA:382,173,0,0
BRDA:382,173,1,0
BRDA:382,173,2,0
BRDA:383,174,0,0
BRDA:383,174,1,0
BRDA:384,175,0,0
BRDA:384,175,1,0
BRDA:384,175,2,0
BRDA:385,176,0,0
BRDA:385,176,1,0
BRDA:385,176,2,0
BRDA:385,176,3,0
BRDA:385,177,0,0
BRDA:385,177,1,0
BRDA:385,177,2,0
BRDA:385,177,3,0
BRDA:385,178,0,0
BRDA:385,178,1,0
BRDA:385,178,2,0
BRDA:385,178,3,0
BRDA:386,179,0,0
BRDA:386,179,1,0
BRDA:386,179,2,0
BRDA:386,179,3,0
BRDA:386,180,0,0
BRDA:386,180,1,0
BRDA:386,180,2,0
BRDA:386,181,0,0
BRDA:386,181,1,0
BRDA:387,182,0,0
BRDA:387,182,1,0
BRDA:387,182,2,0
BRDA:387,182,3,0
BRDA:387,182,4,0
BRDA:387,182,5,0
BRDA:387,182,6,0
BRDA:398,183,0,0
BRDA:398,183,1,0
BRDA:405,184,0,0
BRDA:405,184,1,0
BRDA:406,185,0,0
BRDA:406,185,1,0
BRDA:407,186,0,0
BRDA:407,186,1,0
BRDA:426,187,0,0
BRDA:426,187,1,0
BRF:475
BRH:0
end_of_record
TN:
SF:scrapers/scrape_robinhood.js
FN:11,parseToIso
FN:23,cleanNumberText
FN:28,scrapeRobinhood
FN:69,parseRobinhoodHtml
FNF:4
FNH:0
FNDA:0,parseToIso
FNDA:0,cleanNumberText
FNDA:0,scrapeRobinhood
FNDA:0,parseRobinhoodHtml
DA:4,0
DA:5,0
DA:6,0
DA:7,0
DA:8,0
DA:9,0
DA:12,0
DA:14,0
DA:17,0
DA:18,0
DA:20,0
DA:24,0
DA:25,0
DA:29,0
DA:30,0
DA:31,0
DA:32,0
DA:33,0
DA:34,0
DA:35,0
DA:36,0
DA:38,0
DA:39,0
DA:40,0
DA:41,0
DA:42,0
DA:43,0
DA:44,0
DA:45,0
DA:47,0
DA:48,0
DA:49,0
DA:51,0
DA:52,0
DA:53,0
DA:54,0
DA:55,0
DA:57,0
DA:58,0
DA:59,0
DA:60,0
DA:61,0
DA:62,0
DA:64,0
DA:65,0
DA:66,0
DA:70,0
DA:71,0
DA:73,0
DA:74,0
DA:75,0
DA:76,0
DA:77,0
DA:78,0
DA:79,0
DA:80,0
DA:82,0
DA:84,0
DA:85,0
DA:86,0
DA:87,0
DA:88,0
DA:92,0
DA:93,0
DA:95,0
DA:96,0
DA:99,0
DA:100,0
DA:103,0
DA:104,0
DA:108,0
DA:109,0
DA:110,0
DA:111,0
DA:112,0
DA:113,0
DA:118,0
DA:119,0
DA:120,0
DA:121,0
DA:122,0
DA:123,0
DA:127,0
DA:128,0
DA:129,0
DA:130,0
DA:134,0
DA:139,0
DA:151,0
DA:154,0
DA:170,0
LF:91
LH:0
BRDA:12,0,0,0
BRDA:12,0,1,0
BRDA:14,1,0,0
BRDA:14,1,1,0
BRDA:18,2,0,0
BRDA:18,2,1,0
BRDA:24,3,0,0
BRDA:24,3,1,0
BRDA:24,4,0,0
BRDA:24,4,1,0
BRDA:33,5,0,0
BRDA:33,5,1,0
BRDA:34,6,0,0
BRDA:34,6,1,0
BRDA:45,7,0,0
BRDA:45,7,1,0
BRDA:47,8,0,0
BRDA:47,8,1,0
BRDA:49,9,0,0
BRDA:49,9,1,0
BRDA:52,10,0,0
BRDA:52,10,1,0
BRDA:53,11,0,0
BRDA:53,11,1,0
BRDA:65,12,0,0
BRDA:65,12,1,0
BRDA:70,13,0,0
BRDA:70,13,1,0
BRDA:71,14,0,0
BRDA:71,14,1,0
BRDA:71,15,0,0
BRDA:71,15,1,0
BRDA:85,16,0,0
BRDA:85,16,1,0
BRDA:92,17,0,0
BRDA:92,17,1,0
BRDA:92,18,0,0
BRDA:92,18,1,0
BRDA:92,18,2,0
BRDA:92,18,3,0
BRDA:95,19,0,0
BRDA:95,19,1,0
BRDA:99,20,0,0
BRDA:99,20,1,0
BRDA:103,21,0,0
BRDA:103,21,1,0
BRDA:108,22,0,0
BRDA:108,22,1,0
BRDA:108,23,0,0
BRDA:108,23,1,0
BRDA:118,24,0,0
BRDA:118,24,1,0
BRDA:118,25,0,0
BRDA:118,25,1,0
BRDA:127,26,0,0
BRDA:127,26,1,0
BRDA:129,27,0,0
BRDA:129,27,1,0
BRDA:139,28,0,0
BRDA:139,28,1,0
BRDA:156,29,0,0
BRDA:156,29,1,0
BRDA:157,30,0,0
BRDA:157,30,1,0
BRDA:158,31,0,0
BRDA:158,31,1,0
BRDA:159,32,0,0
BRDA:159,32,1,0
BRDA:160,33,0,0
BRDA:160,33,1,0
BRDA:161,34,0,0
BRDA:161,34,1,0
BRDA:162,35,0,0
BRDA:162,35,1,0
BRDA:166,36,0,0
BRDA:166,36,1,0
BRF:76
BRH:0
end_of_record
TN:
SF:scrapers/scrape_stockanalysis.js
FN:11,cleanNumberText
FN:16,parseToIso
FN:30,scrapeStockAnalysis
FN:71,parseStockAnalysisHtml
FN:95,(anonymous_4)
FN:115,(anonymous_5)
FN:125,(anonymous_6)
FN:136,(anonymous_7)
FN:153,(anonymous_8)
FN:160,(anonymous_9)
FN:173,(anonymous_10)
FN:182,(anonymous_11)
FN:189,(anonymous_12)
FN:200,(anonymous_13)
FN:217,(anonymous_14)
FN:227,(anonymous_15)
FN:234,(anonymous_16)
FN:239,(anonymous_17)
FN:249,(anonymous_18)
FNF:19
FNH:0
FNDA:0,cleanNumberText
FNDA:0,parseToIso
FNDA:0,scrapeStockAnalysis
FNDA:0,parseStockAnalysisHtml
FNDA:0,(anonymous_4)
FNDA:0,(anonymous_5)
FNDA:0,(anonymous_6)
FNDA:0,(anonymous_7)
FNDA:0,(anonymous_8)
FNDA:0,(anonymous_9)
FNDA:0,(anonymous_10)
FNDA:0,(anonymous_11)
FNDA:0,(anonymous_12)
FNDA:0,(anonymous_13)
FNDA:0,(anonymous_14)
FNDA:0,(anonymous_15)
FNDA:0,(anonymous_16)
FNDA:0,(anonymous_17)
FNDA:0,(anonymous_18)
DA:4,0
DA:5,0
DA:6,0
DA:7,0
DA:8,0
DA:9,0
DA:12,0
DA:13,0
DA:17,0
DA:18,0
DA:21,0
DA:22,0
DA:23,0
DA:24,0
DA:26,0
DA:31,0
DA:32,0
DA:33,0
DA:34,0
DA:35,0
DA:36,0
DA:37,0
DA:38,0
DA:40,0
DA:41,0
DA:42,0
DA:43,0
DA:44,0
DA:45,0
DA:46,0
DA:47,0
DA:50,0
DA:51,0
DA:53,0
DA:54,0
DA:55,0
DA:56,0
DA:57,0
DA:59,0
DA:60,0
DA:61,0
DA:62,0
DA:63,0
DA:64,0
DA:66,0
DA:67,0
DA:68,0
DA:72,0
DA:73,0
DA:75,0
DA:76,0
DA:77,0
DA:78,0
DA:79,0
DA:80,0
DA:81,0
DA:82,0
DA:83,0
DA:84,0
DA:85,0
DA:86,0
DA:87,0
DA:89,0
DA:90,0
DA:91,0
DA:92,0
DA:95,0
DA:96,0
DA:97,0
DA:98,0
DA:103,0
DA:104,0
DA:105,0
DA:108,0
DA:109,0
DA:112,0
DA:113,0
DA:114,0
DA:115,0
DA:116,0
DA:117,0
DA:119,0
DA:123,0
DA:124,0
DA:125,0
DA:126,0
DA:127,0
DA:129,0
DA:133,0
DA:134,0
DA:135,0
DA:136,0
DA:137,0
DA:138,0
DA:140,0
DA:143,0
DA:144,0
DA:145,0
DA:146,0
DA:147,0
DA:153,0
DA:154,0
DA:155,0
DA:156,0
DA:160,0
DA:161,0
DA:165,0
DA:166,0
DA:167,0
DA:168,0
DA:169,0
DA:173,0
DA:174,0
DA:175,0
DA:178,0
DA:180,0
DA:182,0
DA:183,0
DA:184,0
DA:187,0
DA:189,0
DA:190,0
DA:191,0
DA:195,0
DA:196,0
DA:200,0
DA:201,0
DA:202,0
DA:205,0
DA:206,0
DA:207,0
DA:208,0
DA:209,0
DA:210,0
DA:217,0
DA:218,0
DA:220,0
DA:221,0
DA:222,0
DA:223,0
DA:224,0
DA:227,0
DA:228,0
DA:229,0
DA:232,0
DA:234,0
DA:236,0
DA:237,0
DA:238,0
DA:239,0
DA:242,0
DA:243,0
DA:244,0
DA:245,0
DA:246,0
DA:247,0
DA:248,0
DA:249,0
DA:250,0
DA:252,0
DA:254,0
DA:255,0
DA:256,0
DA:257,0
DA:258,0
DA:259,0
DA:261,0
DA:262,0
DA:268,0
DA:271,0
DA:291,0
LF:171
LH:0
BRDA:12,0,0,0
BRDA:12,0,1,0
BRDA:12,1,0,0
BRDA:12,1,1,0
BRDA:17,2,0,0
BRDA:17,2,1,0
BRDA:23,3,0,0
BRDA:23,3,1,0
BRDA:35,4,0,0
BRDA:35,4,1,0
BRDA:35,4,2,0
BRDA:36,5,0,0
BRDA:36,5,1,0
BRDA:47,6,0,0
BRDA:47,6,1,0
BRDA:50,7,0,0
BRDA:50,7,1,0
BRDA:51,8,0,0
BRDA:51,8,1,0
BRDA:54,9,0,0
BRDA:54,9,1,0
BRDA:55,10,0,0
BRDA:55,10,1,0
BRDA:67,11,0,0
BRDA:67,11,1,0
BRDA:72,12,0,0
BRDA:72,12,1,0
BRDA:73,13,0,0
BRDA:73,13,1,0
BRDA:73,14,0,0
BRDA:73,14,1,0
BRDA:91,15,0,0
BRDA:91,15,1,0
BRDA:91,16,0,0
BRDA:91,16,1,0
BRDA:96,17,0,0
BRDA:96,17,1,0
BRDA:96,18,0,0
BRDA:96,18,1,0
BRDA:98,19,0,0
BRDA:98,19,1,0
BRDA:108,20,0,0
BRDA:108,20,1,0
BRDA:108,21,0,0
BRDA:108,21,1,0
BRDA:109,22,0,0
BRDA:109,22,1,0
BRDA:109,23,0,0
BRDA:109,23,1,0
BRDA:112,24,0,0
BRDA:112,24,1,0
BRDA:112,25,0,0
BRDA:112,25,1,0
BRDA:112,25,2,0
BRDA:117,26,0,0
BRDA:117,26,1,0
BRDA:117,26,2,0
BRDA:117,26,3,0
BRDA:119,27,0,0
BRDA:119,27,1,0
BRDA:119,28,0,0
BRDA:119,28,1,0
BRDA:123,29,0,0
BRDA:123,29,1,0
BRDA:123,30,0,0
BRDA:123,30,1,0
BRDA:123,30,2,0
BRDA:127,31,0,0
BRDA:127,31,1,0
BRDA:127,31,2,0
BRDA:129,32,0,0
BRDA:129,32,1,0
BRDA:129,33,0,0
BRDA:129,33,1,0
BRDA:133,34,0,0
BRDA:133,34,1,0
BRDA:135,35,0,0
BRDA:135,35,1,0
BRDA:135,36,0,0
BRDA:135,36,1,0
BRDA:138,37,0,0
BRDA:138,37,1,0
BRDA:138,37,2,0
BRDA:140,38,0,0
BRDA:140,38,1,0
BRDA:140,39,0,0
BRDA:140,39,1,0
BRDA:143,40,0,0
BRDA:143,40,1,0
BRDA:145,41,0,0
BRDA:145,41,1,0
BRDA:147,42,0,0
BRDA:147,42,1,0
BRDA:154,43,0,0
BRDA:154,43,1,0
BRDA:154,44,0,0
BRDA:154,44,1,0
BRDA:155,45,0,0
BRDA:155,45,1,0
BRDA:156,46,0,0
BRDA:156,46,1,0
BRDA:161,47,0,0
BRDA:161,47,1,0
BRDA:161,48,0,0
BRDA:161,48,1,0
BRDA:166,49,0,0
BRDA:166,49,1,0
BRDA:166,50,0,0
BRDA:166,50,1,0
BRDA:169,51,0,0
BRDA:169,51,1,0
BRDA:174,52,0,0
BRDA:174,52,1,0
BRDA:178,53,0,0
BRDA:178,53,1,0
BRDA:178,54,0,0
BRDA:178,54,1,0
BRDA:180,55,0,0
BRDA:180,55,1,0
BRDA:180,56,0,0
BRDA:180,56,1,0
BRDA:183,57,0,0
BRDA:183,57,1,0
BRDA:184,58,0,0
BRDA:184,58,1,0
BRDA:187,59,0,0
BRDA:187,59,1,0
BRDA:191,60,0,0
BRDA:191,60,1,0
BRDA:191,60,2,0
BRDA:195,61,0,0
BRDA:195,61,1,0
BRDA:195,62,0,0
BRDA:195,62,1,0
BRDA:202,63,0,0
BRDA:202,63,1,0
BRDA:205,64,0,0
BRDA:205,64,1,0
BRDA:205,65,0,0
BRDA:205,65,1,0
BRDA:208,66,0,0
BRDA:208,66,1,0
BRDA:210,67,0,0
BRDA:210,67,1,0
BRDA:218,68,0,0
BRDA:218,68,1,0
BRDA:218,69,0,0
BRDA:218,69,1,0
BRDA:221,70,0,0
BRDA:221,70,1,0
BRDA:221,71,0,0
BRDA:221,71,1,0
BRDA:224,72,0,0
BRDA:224,72,1,0
BRDA:228,73,0,0
BRDA:228,73,1,0
BRDA:232,74,0,0
BRDA:232,74,1,0
BRDA:232,75,0,0
BRDA:232,75,1,0
BRDA:236,76,0,0
BRDA:236,76,1,0
BRDA:236,77,0,0
BRDA:236,77,1,0
BRDA:239,78,0,0
BRDA:239,78,1,0
BRDA:239,79,0,0
BRDA:239,79,1,0
BRDA:242,80,0,0
BRDA:242,80,1,0
BRDA:242,81,0,0
BRDA:242,81,1,0
BRDA:247,82,0,0
BRDA:247,82,1,0
BRDA:250,83,0,0
BRDA:250,83,1,0
BRDA:250,84,0,0
BRDA:250,84,1,0
BRDA:254,85,0,0
BRDA:254,85,1,0
BRDA:254,86,0,0
BRDA:254,86,1,0
BRDA:257,87,0,0
BRDA:257,87,1,0
BRDA:259,88,0,0
BRDA:259,88,1,0
BRDA:262,89,0,0
BRDA:262,89,1,0
BRDA:273,90,0,0
BRDA:273,90,1,0
BRDA:274,91,0,0
BRDA:274,91,1,0
BRDA:275,92,0,0
BRDA:275,92,1,0
BRDA:276,93,0,0
BRDA:276,93,1,0
BRDA:277,94,0,0
BRDA:277,94,1,0
BRDA:278,95,0,0
BRDA:278,95,1,0
BRDA:279,96,0,0
BRDA:279,96,1,0
BRDA:280,97,0,0
BRDA:280,97,1,0
BRDA:281,98,0,0
BRDA:281,98,1,0
BRDA:282,99,0,0
BRDA:282,99,1,0
BRDA:283,100,0,0
BRDA:283,100,1,0
BRDA:284,101,0,0
BRDA:284,101,1,0
BRDA:285,102,0,0
BRDA:285,102,1,0
BRF:214
BRH:0
end_of_record
TN:
SF:scrapers/scrape_stockevents.js
FN:11,parseToIso
FN:23,scrapeStockEvents
FNF:2
FNH:0
FNDA:0,parseToIso
FNDA:0,scrapeStockEvents
DA:4,0
DA:5,0
DA:6,0
DA:7,0
DA:8,0
DA:9,0
DA:12,0
DA:13,0
DA:16,0
DA:17,0
DA:19,0
DA:24,0
DA:25,0
DA:26,0
DA:27,0
DA:28,0
DA:29,0
DA:30,0
DA:31,0
DA:32,0
DA:33,0
DA:34,0
DA:35,0
DA:36,0
DA:38,0
DA:40,0
DA:41,0
DA:42,0
DA:43,0
DA:44,0
DA:46,0
DA:49,0
DA:52,0
DA:53,0
DA:54,0
DA:58,0
DA:59,0
DA:60,0
DA:61,0
DA:65,0
DA:66,0
DA:69,0
DA:70,0
DA:71,0
DA:76,0
DA:77,0
DA:82,0
DA:85,0
DA:97,0
DA:100,0
DA:101,0
DA:103,0
DA:104,0
DA:105,0
DA:107,0
DA:112,0
DA:115,0
LF:57
LH:0
BRDA:12,0,0,0
BRDA:12,0,1,0
BRDA:36,1,0,0
BRDA:36,1,1,0
BRDA:53,2,0,0
BRDA:53,2,1,0
BRDA:59,3,0,0
BRDA:59,3,1,0
BRDA:65,4,0,0
BRDA:65,4,1,0
BRDA:70,5,0,0
BRDA:70,5,1,0
BRDA:77,6,0,0
BRDA:77,6,1,0
BRDA:103,7,0,0
BRDA:103,7,1,0
BRF:16
BRH:0
end_of_record
TN:
SF:scrapers/scrape_stockmarketwatch.js
FN:11,cleanNumberText
FN:16,scrapeStockMarketWatch
FN:35,(anonymous_2)
FN:58,(anonymous_3)
FN:83,parseStockMarketWatchHtml
FN:138,(anonymous_5)
FN:213,parseTimeToIso
FNF:7
FNH:0
FNDA:0,cleanNumberText
FNDA:0,scrapeStockMarketWatch
FNDA:0,(anonymous_2)
FNDA:0,(anonymous_3)
FNDA:0,parseStockMarketWatchHtml
FNDA:0,(anonymous_5)
FNDA:0,parseTimeToIso
DA:4,0
DA:5,0
DA:6,0
DA:7,0
DA:8,0
DA:9,0
DA:12,0
DA:13,0
DA:17,0
DA:18,0
DA:19,0
DA:20,0
DA:21,0
DA:22,0
DA:23,0
DA:24,0
DA:26,0
DA:27,0
DA:28,0
DA:29,0
DA:30,0
DA:31,0
DA:33,0
DA:34,0
DA:37,0
DA:38,0
DA:39,0
DA:41,0
DA:44,0
DA:45,0
DA:46,0
DA:47,0
DA:49,0
DA:53,0
DA:55,0
DA:58,0
DA:59,0
DA:60,0
DA:62,0
DA:63,0
DA:65,0
DA:66,0
DA:67,0
DA:68,0
DA:69,0
DA:71,0
DA:72,0
DA:73,0
DA:74,0
DA:75,0
DA:76,0
DA:78,0
DA:79,0
DA:80,0
DA:84,0
DA:85,0
DA:87,0
DA:88,0
DA:89,0
DA:90,0
DA:91,0
DA:92,0
DA:93,0
DA:94,0
DA:95,0
DA:96,0
DA:97,0
DA:98,0
DA:99,0
DA:101,0
DA:105,0
DA:106,0
DA:107,0
DA:109,0
DA:110,0
DA:111,0
DA:112,0
DA:113,0
DA:118,0
DA:119,0
DA:121,0
DA:122,0
DA:123,0
DA:124,0
DA:129,0
DA:130,0
DA:131,0
DA:132,0
DA:133,0
DA:138,0
DA:139,0
DA:140,0
DA:141,0
DA:142,0
DA:147,0
DA:148,0
DA:149,0
DA:150,0
DA:151,0
DA:154,0
DA:155,0
DA:156,0
DA:157,0
DA:158,0
DA:159,0
DA:160,0
DA:165,0
DA:166,0
DA:167,0
DA:168,0
DA:169,0
DA:174,0
DA:175,0
DA:176,0
DA:177,0
DA:178,0
DA:179,0
DA:180,0
DA:181,0
DA:182,0
DA:183,0
DA:188,0
DA:191,0
DA:214,0
DA:215,0
DA:217,0
DA:218,0
DA:220,0
DA:221,0
DA:222,0
DA:223,0
DA:226,0
DA:227,0
DA:230,0
DA:245,0
DA:248,0
DA:249,0
[...]
DA:148,0
DA:156,0
DA:157,0
DA:158,0
DA:167,0
DA:168,0
DA:171,0
DA:172,0
DA:174,0
DA:183,0
DA:184,0
DA:185,0
DA:186,0
DA:187,0
DA:192,0
DA:199,0
DA:200,0
DA:201,0
DA:203,0
DA:205,0
DA:207,0
DA:208,0
DA:211,0
DA:212,0
DA:215,0
DA:220,0
DA:223,0
DA:224,0
DA:227,0
DA:230,0
DA:238,0
DA:239,0
DA:241,0
DA:243,0
DA:244,0
DA:246,0
DA:248,0
DA:254,0
DA:265,0
DA:266,0
DA:268,0
DA:270,0
DA:271,0
DA:272,0
DA:273,0
DA:274,0
DA:275,0
DA:279,0
DA:290,0
DA:291,0
DA:293,0
DA:308,0
DA:309,0
DA:312,0
DA:313,0
DA:314,0
DA:315,0
DA:316,0
DA:317,0
DA:322,0
DA:324,0
DA:335,0
DA:342,0
DA:343,0
DA:351,0
DA:352,0
DA:353,0
DA:354,0
DA:363,0
DA:371,0
DA:372,0
DA:376,0
DA:377,0
DA:380,0
DA:387,0
DA:389,0
DA:392,0
DA:395,0
DA:396,0
DA:397,0
DA:398,0
DA:402,0
DA:405,0
DA:406,0
DA:407,0
DA:408,0
DA:417,0
DA:421,0
LF:126
LH:0
BRDA:17,0,0,0
BRDA:26,1,0,0
BRDA:26,1,1,0
BRDA:27,2,0,0
BRDA:27,2,1,0
BRDA:28,3,0,0
BRDA:28,3,1,0
BRDA:29,4,0,0
BRDA:29,4,1,0
BRDA:73,5,0,0
BRDA:73,5,1,0
BRDA:94,6,0,0
BRDA:94,6,1,0
BRDA:106,7,0,0
BRDA:106,7,1,0
BRDA:115,8,0,0
BRDA:115,8,1,0
BRDA:127,9,0,0
BRDA:127,9,1,0
BRDA:136,10,0,0
BRDA:136,10,1,0
BRDA:147,11,0,0
BRDA:147,11,1,0
BRDA:157,12,0,0
BRDA:157,12,1,0
BRDA:168,13,0,0
BRDA:168,13,1,0
BRDA:168,14,0,0
BRDA:168,14,1,0
BRDA:171,15,0,0
BRDA:171,15,1,0
BRDA:172,16,0,0
BRDA:172,16,1,0
BRDA:185,17,0,0
BRDA:185,17,1,0
BRDA:185,18,0,0
BRDA:185,18,1,0
BRDA:201,19,0,0
BRDA:201,19,1,0
BRDA:205,20,0,0
BRDA:205,20,1,0
BRDA:205,20,2,0
BRDA:205,20,3,0
BRDA:205,20,4,0
BRDA:239,21,0,0
BRDA:239,21,1,0
BRDA:243,22,0,0
BRDA:243,22,1,0
BRDA:266,23,0,0
BRDA:266,23,1,0
BRDA:271,24,0,0
BRDA:271,24,1,0
BRDA:273,25,0,0
BRDA:273,25,1,0
BRDA:291,26,0,0
BRDA:291,26,1,0
BRDA:309,27,0,0
BRDA:309,27,1,0
BRDA:314,28,0,0
BRDA:314,28,1,0
BRDA:316,29,0,0
BRDA:316,29,1,0
BRDA:342,30,0,0
BRDA:342,30,1,0
BRDA:353,31,0,0
BRDA:353,31,1,0
BRF:66
BRH:0
end_of_record
TN:
SF:services/symbol-registry/file_refresh_manager.js
FN:16,(anonymous_0)
FN:25,(anonymous_1)
FN:61,(anonymous_2)
FN:80,(anonymous_3)
FN:101,(anonymous_4)
FN:130,(anonymous_5)
FN:153,(anonymous_6)
FN:173,(anonymous_7)
FN:194,(anonymous_8)
FN:201,(anonymous_9)
FN:202,(anonymous_10)
FN:208,(anonymous_11)
FN:216,(anonymous_12)
FN:231,(anonymous_13)
FN:256,(anonymous_14)
FNF:15
FNH:15
FNDA:37,(anonymous_0)
FNDA:32,(anonymous_1)
FNDA:5,(anonymous_2)
FNDA:3,(anonymous_3)
FNDA:2,(anonymous_4)
FNDA:2,(anonymous_5)
FNDA:2,(anonymous_6)
FNDA:3,(anonymous_7)
FNDA:5,(anonymous_8)
FNDA:4,(anonymous_9)
FNDA:3,(anonymous_10)
FNDA:2,(anonymous_11)
FNDA:2,(anonymous_12)
FNDA:2,(anonymous_13)
FNDA:1,(anonymous_14)
DA:10,1
DA:17,37
DA:18,37
DA:19,37
DA:27,32
DA:28,1
DA:31,31
DA:32,31
DA:33,31
DA:39,30
DA:40,13
DA:43,17
DA:46,17
DA:47,1
DA:51,16
DA:52,16
DA:54,31
DA:62,5
DA:64,5
DA:65,20
DA:66,20
DA:67,10
DA:70,1
DA:74,5
DA:81,3
DA:83,3
DA:84,3
DA:85,3
DA:94,3
DA:102,2
DA:104,2
DA:105,2
DA:106,2
DA:123,2
DA:131,2
DA:133,2
DA:134,2
DA:135,2
DA:146,2
DA:154,2
DA:155,2
DA:156,2
DA:164,2
DA:166,2
DA:174,3
DA:175,3
DA:176,3
DA:185,2
DA:187,3
DA:195,5
DA:202,4
DA:209,2
DA:217,2
DA:219,2
DA:220,1
DA:221,1
DA:224,1
DA:232,2
DA:233,2
DA:234,2
DA:243,2
DA:244,1
DA:247,2
DA:249,2
DA:257,1
DA:258,1
DA:259,1
DA:260,4
DA:266,1
DA:268,1
DA:273,1
LF:71
LH:71
BRDA:11,0,0,1
BRDA:11,0,1,1
BRDA:27,1,0,1
BRDA:27,1,1,31
BRDA:39,2,0,13
BRDA:39,2,1,17
BRDA:46,3,0,1
BRDA:46,3,1,16
BRDA:66,4,0,10
BRDA:66,4,1,9
BRDA:185,5,0,1
BRDA:185,5,1,1
BRDA:195,6,0,5
BRDA:195,6,1,3
BRDA:219,7,0,1
BRDA:219,7,1,1
BRDA:243,8,0,1
BRDA:243,8,1,1
BRF:18
BRH:18
end_of_record
TN:
SF:services/symbol-registry/index.js
FNF:0
FNH:0
DA:7,0
LF:1
LH:0
BRF:0
BRH:0
end_of_record
TN:
SF:services/symbol-registry/metadata_autocomplete_service.js
FN:19,(anonymous_0)
FN:39,(anonymous_1)
FN:76,(anonymous_2)
FN:112,(anonymous_3)
FN:119,(anonymous_4)
FN:142,(anonymous_5)
FN:177,(anonymous_6)
FN:190,(anonymous_7)
FN:241,(anonymous_8)
FN:257,(anonymous_9)
FN:272,(anonymous_10)
FN:301,(anonymous_11)
FN:380,(anonymous_12)
FN:404,(anonymous_13)
FN:440,(anonymous_14)
FNF:15
FNH:15
FNDA:41,(anonymous_0)
FNDA:9,(anonymous_1)
FNDA:8,(anonymous_2)
FNDA:2,(anonymous_3)
FNDA:2,(anonymous_4)
FNDA:6,(anonymous_5)
FNDA:9,(anonymous_6)
FNDA:4,(anonymous_7)
FNDA:3,(anonymous_8)
FNDA:3,(anonymous_9)
FNDA:2,(anonymous_10)
FNDA:3,(anonymous_11)
FNDA:2,(anonymous_12)
FNDA:2,(anonymous_13)
FNDA:5,(anonymous_14)
DA:16,1
DA:20,41
DA:21,41
DA:40,9
DA:42,9
DA:43,1
DA:46,8
DA:47,8
DA:50,8
DA:51,8
DA:54,8
DA:61,6
DA:63,2
DA:64,2
DA:66,8
DA:67,8
DA:78,8
DA:81,8
DA:84,8
DA:104,8
DA:112,6
DA:120,2
DA:127,2
DA:128,1
DA:131,1
DA:132,1
DA:133,1
DA:134,1
DA:136,1
DA:143,6
DA:152,6
DA:153,3
DA:167,6
DA:168,0
DA:171,6
DA:179,9
DA:180,9
DA:183,0
DA:191,4
DA:194,4
DA:195,4
DA:198,4
DA:204,4
DA:205,2
DA:208,2
DA:211,2
DA:217,2
DA:225,0
DA:226,0
DA:228,4
DA:229,4
DA:243,3
DA:244,3
DA:247,3
DA:249,3
DA:257,3
DA:259,0
DA:260,0
DA:262,3
DA:263,3
DA:273,2
DA:276,2
DA:277,2
DA:279,2
DA:286,2
DA:288,0
DA:289,0
DA:291,2
DA:292,2
DA:303,3
DA:304,3
DA:305,3
DA:306,3
DA:309,3
DA:310,3
DA:317,3
DA:320,3
DA:321,3
DA:330,3
DA:332,3
DA:333,3
DA:334,3
DA:335,3
DA:338,3
DA:346,3
DA:355,3
DA:356,3
DA:357,3
DA:360,3
DA:362,3
DA:380,2
DA:388,3
DA:389,3
DA:391,0
DA:392,0
DA:394,3
DA:395,3
DA:405,2
DA:408,2
DA:409,2
DA:412,2
DA:420,2
DA:425,2
DA:427,0
DA:428,0
DA:430,2
DA:431,2
DA:441,5
DA:444,5
DA:445,2
DA:446,2
DA:450,5
DA:451,2
DA:452,2
DA:456,5
DA:457,2
DA:458,2
DA:461,5
DA:465,1
LF:119
LH:107
BRDA:22,0,0,41
BRDA:22,0,1,40
BRDA:23,1,0,41
BRDA:23,1,1,41
BRDA:24,2,0,41
BRDA:24,2,1,41
BRDA:25,3,0,41
BRDA:25,3,1,41
BRDA:26,4,0,41
BRDA:26,4,1,41
BRDA:27,5,0,41
BRDA:27,5,1,41
BRDA:39,6,0,2
BRDA:42,7,0,1
BRDA:42,7,1,8
BRDA:46,8,0,8
BRDA:46,8,1,8
BRDA:66,9,0,8
BRDA:66,9,1,0
BRDA:78,10,0,8
BRDA:78,10,1,0
BRDA:127,11,0,1
BRDA:127,11,1,1
BRDA:132,12,0,1
BRDA:132,12,1,0
BRDA:133,13,0,1
BRDA:133,13,1,0
BRDA:134,14,0,1
BRDA:134,14,1,0
BRDA:142,15,0,6
BRDA:145,16,0,6
BRDA:145,16,1,1
BRDA:146,17,0,6
BRDA:146,17,1,0
BRDA:147,18,0,6
BRDA:147,18,1,6
BRDA:152,19,0,3
BRDA:152,19,1,3
BRDA:167,20,0,0
BRDA:167,20,1,6
BRDA:179,21,0,9
BRDA:179,21,1,0
BRDA:179,22,0,9
BRDA:179,22,1,9
BRDA:204,23,0,2
BRDA:204,23,1,2
BRDA:222,24,0,1
BRDA:222,24,1,1
BRDA:228,25,0,4
BRDA:228,25,1,0
BRDA:241,26,0,2
BRDA:247,27,0,3
BRDA:247,27,1,0
BRDA:262,28,0,3
BRDA:262,28,1,0
BRDA:291,29,0,2
BRDA:291,29,1,0
BRDA:333,30,0,3
BRDA:333,30,1,0
BRDA:334,31,0,3
BRDA:334,31,1,0
BRDA:335,32,0,3
BRDA:335,32,1,0
BRDA:356,33,0,3
BRDA:356,33,1,1
BRDA:357,34,0,3
BRDA:357,34,1,1
BRDA:360,35,0,2
BRDA:360,35,1,1
BRDA:373,36,0,2
BRDA:373,36,1,1
BRDA:385,37,0,2
BRDA:385,37,1,0
BRDA:394,38,0,3
BRDA:394,38,1,0
BRDA:430,39,0,2
BRDA:430,39,1,0
BRDA:444,40,0,2
BRDA:444,40,1,3
BRDA:450,41,0,2
BRDA:450,41,1,3
BRDA:450,42,0,5
BRDA:450,42,1,2
BRDA:456,43,0,2
BRDA:456,43,1,3
BRF:85
BRH:67
end_of_record
TN:
SF:services/symbol-registry/symbol_registry_service.js
FN:24,(anonymous_0)
FN:34,(anonymous_1)
FN:71,(anonymous_2)
FN:88,(anonymous_3)
FN:95,(anonymous_4)
FN:170,(anonymous_5)
FN:203,(anonymous_6)
FN:249,(anonymous_7)
FN:271,(anonymous_8)
FN:298,(anonymous_9)
FNF:10
FNH:4
FNDA:53,(anonymous_0)
FNDA:38,(anonymous_1)
FNDA:26,(anonymous_2)
FNDA:3,(anonymous_3)
FNDA:0,(anonymous_4)
FNDA:0,(anonymous_5)
FNDA:0,(anonymous_6)
FNDA:0,(anonymous_7)
FNDA:0,(anonymous_8)
FNDA:0,(anonymous_9)
DA:8,2
DA:9,2
DA:10,2
DA:13,2
DA:25,53
DA:35,38
DA:49,38
DA:52,38
DA:53,2
DA:57,38
DA:58,5
DA:59,3
DA:60,2
DA:61,1
DA:64,38
DA:72,26
DA:81,26
DA:89,3
DA:96,0
DA:97,0
DA:113,0
DA:115,0
DA:118,0
DA:123,0
DA:125,0
DA:126,0
DA:128,0
DA:142,0
DA:143,0
DA:153,0
DA:163,0
DA:171,0
DA:172,0
DA:173,0
DA:194,0
DA:196,0
DA:204,0
DA:205,0
DA:206,0
DA:207,0
DA:208,0
DA:209,0
DA:211,0
DA:240,0
DA:242,0
DA:250,0
DA:251,0
DA:252,0
DA:253,0
DA:254,0
DA:256,0
DA:257,0
DA:258,0
DA:261,0
DA:262,0
DA:264,0
DA:272,0
DA:273,0
DA:274,0
DA:291,0
DA:299,0
DA:300,0
DA:301,0
DA:302,0
DA:304,0
DA:305,0
DA:306,0
DA:309,0
DA:310,0
DA:312,0
DA:317,2
LF:71
LH:19
BRDA:14,0,0,2
BRDA:14,0,1,2
BRDA:15,1,0,2
BRDA:15,1,1,2
BRDA:16,2,0,2
BRDA:16,2,1,2
BRDA:17,3,0,2
BRDA:17,3,1,2
BRDA:18,4,0,2
BRDA:18,4,1,2
BRDA:19,5,0,2
BRDA:19,5,1,2
BRDA:20,6,0,2
BRDA:20,6,1,2
BRDA:21,7,0,2
BRDA:21,7,1,2
BRDA:49,8,0,38
BRDA:49,8,1,1
BRDA:52,9,0,2
BRDA:52,9,1,36
BRDA:57,10,0,5
BRDA:57,10,1,33
BRDA:58,11,0,2
BRDA:58,11,1,3
BRDA:59,12,0,1
BRDA:59,12,1,2
BRDA:60,13,0,1
BRDA:60,13,1,1
BRDA:61,14,0,1
BRDA:61,14,1,0
BRDA:81,15,0,26
BRDA:81,15,1,1
BRDA:102,16,0,0
BRDA:104,17,0,0
BRDA:105,18,0,0
BRDA:106,19,0,0
BRDA:107,20,0,0
BRDA:108,21,0,0
BRDA:109,22,0,0
BRDA:110,23,0,0
BRDA:111,24,0,0
BRDA:112,25,0,0
BRDA:123,26,0,0
BRDA:123,26,1,0
BRDA:126,27,0,0
BRDA:126,27,1,0
BRDA:142,28,0,0
BRDA:142,28,1,0
BRDA:142,29,0,0
BRDA:142,29,1,0
BRDA:194,30,0,0
BRDA:194,30,1,0
BRDA:203,31,0,0
BRDA:204,32,0,0
BRDA:204,32,1,0
BRDA:249,33,0,0
BRDA:249,34,0,0
BRDA:250,35,0,0
BRDA:250,35,1,0
BRDA:256,36,0,0
BRDA:256,36,1,0
BRDA:271,37,0,0
BRDA:298,38,0,0
BRDA:304,39,0,0
BRDA:304,39,1,0
BRF:65
BRH:31
end_of_record
TN:
SF:services/symbol-registry/symbol_registry_sync.js
FN:24,(anonymous_0)
FN:33,(anonymous_1)
FN:45,(anonymous_2)
FN:56,(anonymous_3)
FN:67,(anonymous_4)
FN:78,(anonymous_5)
FN:95,(anonymous_6)
FN:97,(anonymous_7)
FN:98,(anonymous_8)
FN:117,(anonymous_9)
FN:119,(anonymous_10)
FN:120,(anonymous_11)
FN:139,(anonymous_12)
FN:141,(anonymous_13)
FN:142,(anonymous_14)
FN:166,(anonymous_15)
FN:187,(anonymous_16)
FN:209,(anonymous_17)
FN:289,(anonymous_18)
FN:320,(anonymous_19)
FN:375,(anonymous_20)
FN:390,(anonymous_21)
FN:427,(anonymous_22)
FN:456,(anonymous_23)
FN:499,(anonymous_24)
FN:513,(anonymous_25)
FN:527,(anonymous_26)
FN:541,(anonymous_27)
FNF:28
FNH:28
FNDA:50,(anonymous_0)
FNDA:3,(anonymous_1)
FNDA:3,(anonymous_2)
FNDA:3,(anonymous_3)
FNDA:3,(anonymous_4)
FNDA:12,(anonymous_5)
FNDA:9,(anonymous_6)
FNDA:14,(anonymous_7)
FNDA:11,(anonymous_8)
FNDA:6,(anonymous_9)
FNDA:9,(anonymous_10)
FNDA:5,(anonymous_11)
FNDA:4,(anonymous_12)
FNDA:4,(anonymous_13)
FNDA:2,(anonymous_14)
FNDA:17,(anonymous_15)
FNDA:15,(anonymous_16)
FNDA:16,(anonymous_17)
FNDA:32,(anonymous_18)
FNDA:12,(anonymous_19)
FNDA:15,(anonymous_20)
FNDA:14,(anonymous_21)
FNDA:1,(anonymous_22)
FNDA:3,(anonymous_23)
FNDA:2,(anonymous_24)
FNDA:1,(anonymous_25)
FNDA:1,(anonymous_26)
FNDA:2,(anonymous_27)
DA:9,1
DA:10,1
DA:11,1
DA:12,1
DA:15,1
DA:25,50
DA:26,50
DA:27,50
DA:34,3
DA:46,3
DA:57,3
DA:68,3
DA:79,12
DA:80,12
DA:81,12
DA:86,12
DA:88,0
DA:96,9
DA:97,14
DA:99,11
DA:101,11
DA:103,11
DA:118,6
DA:119,9
DA:121,5
DA:123,5
DA:125,5
DA:140,4
DA:141,4
DA:143,2
DA:145,2
DA:146,2
DA:147,0
DA:148,2
DA:149,0
DA:152,2
DA:167,17
DA:169,15
DA:172,15
DA:173,12
DA:174,9
DA:175,7
DA:176,6
DA:177,5
DA:178,4
DA:181,2
DA:188,15
DA:210,16
DA:220,16
DA:222,16
DA:224,16
DA:226,16
DA:227,5
DA:228,5
DA:229,11
DA:230,4
DA:231,4
DA:232,7
DA:233,3
DA:234,3
DA:235,4
DA:236,4
DA:239,16
DA:242,16
DA:243,9
DA:244,9
DA:246,9
DA:247,9
DA:248,9
DA:249,9
DA:252,16
DA:253,16
DA:256,16
DA:265,16
DA:267,0
DA:268,0
DA:269,0
DA:270,0
DA:273,0
DA:282,0
DA:290,32
DA:291,32
DA:292,32
DA:311,32
DA:313,32
DA:321,12
DA:328,12
DA:329,11
DA:330,11
DA:331,13
DA:332,13
DA:335,13
DA:342,12
DA:344,0
DA:345,0
DA:346,0
DA:348,0
DA:352,12
DA:353,12
DA:354,12
DA:356,0
DA:357,0
DA:361,1
DA:362,1
DA:366,11
DA:369,11
DA:376,15
DA:383,15
DA:384,14
DA:391,14
DA:399,14
DA:405,14
DA:428,1
DA:435,1
DA:441,1
DA:457,3
DA:468,3
DA:469,12
DA:470,12
DA:471,12
DA:472,12
DA:473,12
DA:474,12
DA:475,12
DA:476,12
DA:477,12
DA:478,12
DA:480,0
DA:481,0
DA:482,0
DA:483,0
DA:490,3
DA:491,3
DA:493,3
DA:500,2
DA:501,2
DA:502,2
DA:503,2
DA:504,1
DA:506,2
DA:514,1
DA:515,1
DA:516,1
DA:517,1
DA:518,1
DA:520,1
DA:528,1
DA:529,1
DA:530,1
DA:531,1
DA:532,1
DA:534,1
DA:542,2
DA:543,2
DA:544,2
DA:545,2
DA:546,2
DA:548,2
DA:554,2
DA:555,2
DA:557,2
DA:563,2
DA:564,2
DA:566,2
DA:572,2
DA:577,1
LF:166
LH:147
BRDA:17,0,0,1
BRDA:17,0,1,1
BRDA:18,1,0,1
BRDA:18,1,1,1
BRDA:19,2,0,1
BRDA:19,2,1,1
BRDA:20,3,0,1
BRDA:20,3,1,1
BRDA:97,4,0,14
BRDA:97,4,1,12
BRDA:101,5,0,1
BRDA:101,5,1,10
BRDA:119,6,0,9
BRDA:119,6,1,6
BRDA:123,7,0,0
BRDA:123,7,1,5
BRDA:141,8,0,4
BRDA:141,8,1,2
BRDA:146,9,0,0
BRDA:146,9,1,2
BRDA:146,10,0,2
BRDA:146,10,1,0
BRDA:148,11,0,0
BRDA:148,11,1,2
BRDA:167,12,0,2
BRDA:167,12,1,15
BRDA:172,13,0,3
BRDA:172,13,1,12
BRDA:172,14,0,15
BRDA:172,14,1,13
BRDA:173,15,0,3
BRDA:173,15,1,9
BRDA:173,16,0,12
BRDA:173,16,1,11
BRDA:173,16,2,10
BRDA:174,17,0,2
BRDA:174,17,1,7
BRDA:174,18,0,9
BRDA:174,18,1,8
BRDA:175,19,0,1
BRDA:175,19,1,6
BRDA:176,20,0,1
BRDA:176,20,1,5
BRDA:177,21,0,1
BRDA:177,21,1,4
BRDA:178,22,0,2
BRDA:178,22,1,2
BRDA:178,23,0,4
BRDA:178,23,1,3
BRDA:226,24,0,5
BRDA:226,24,1,11
BRDA:229,25,0,4
BRDA:229,25,1,7
BRDA:232,26,0,3
BRDA:232,26,1,4
BRDA:235,27,0,4
BRDA:235,27,1,0
BRDA:309,28,0,32
BRDA:309,28,1,23
BRDA:309,29,0,32
BRDA:309,29,1,32
BRDA:342,30,0,0
BRDA:342,30,1,12
BRDA:344,31,0,0
BRDA:344,31,1,0
BRDA:384,32,0,1
BRDA:384,32,1,13
BRDA:384,33,0,14
BRDA:384,33,1,14
BRDA:411,34,0,1
BRDA:411,34,1,13
BRDA:412,35,0,14
BRDA:412,35,1,14
BRDA:414,36,0,14
BRDA:414,36,1,14
BRDA:415,37,0,14
BRDA:415,37,1,14
BRDA:416,38,0,14
BRDA:416,38,1,14
BRDA:417,39,0,14
BRDA:417,39,1,14
BRDA:418,40,0,14
BRDA:418,40,1,14
BRDA:419,41,0,14
BRDA:419,41,1,14
BRDA:420,42,0,14
BRDA:420,42,1,14
BRDA:446,43,0,1
BRDA:446,43,1,1
BRF:89
BRH:81
end_of_record
TN:
SF:services/symbol-registry/treasury_data_handler.js
FN:20,(anonymous_0)
FN:29,(anonymous_1)
FN:46,(anonymous_2)
FN:59,(anonymous_3)
FN:80,(anonymous_4)
FN:102,(anonymous_5)
FN:144,(anonymous_6)
FN:167,(anonymous_7)
FN:194,(anonymous_8)
FN:218,(anonymous_9)
FN:229,(anonymous_10)
FN:243,(anonymous_11)
FN:255,(anonymous_12)
FN:269,(anonymous_13)
FN:274,(anonymous_14)
FN:288,(anonymous_15)
FN:311,(anonymous_16)
FN:317,(anonymous_17)
FN:323,(anonymous_18)
FNF:19
FNH:13
FNDA:33,(anonymous_0)
FNDA:0,(anonymous_1)
FNDA:0,(anonymous_2)
FNDA:0,(anonymous_3)
FNDA:0,(anonymous_4)
FNDA:3,(anonymous_5)
FNDA:12,(anonymous_6)
FNDA:18,(anonymous_7)
FNDA:7,(anonymous_8)
FNDA:9,(anonymous_9)
FNDA:10,(anonymous_10)
FNDA:4,(anonymous_11)
FNDA:15,(anonymous_12)
FNDA:7,(anonymous_13)
FNDA:8,(anonymous_14)
FNDA:2,(anonymous_15)
FNDA:0,(anonymous_16)
FNDA:0,(anonymous_17)
FNDA:2,(anonymous_18)
DA:9,2
DA:10,2
DA:11,2
DA:14,2
DA:21,33
DA:22,33
DA:23,33
DA:30,0
DA:31,0
DA:32,0
DA:33,0
DA:35,0
DA:36,0
DA:37,0
DA:39,0
DA:40,0
DA:43,0
DA:44,0
DA:46,0
DA:47,0
DA:49,0
DA:51,0
DA:52,0
DA:60,0
DA:61,0
DA:62,0
DA:67,0
DA:68,0
DA:69,0
DA:71,0
DA:72,0
DA:73,0
DA:81,0
DA:82,0
DA:83,0
DA:88,0
DA:89,0
DA:90,0
DA:92,0
DA:93,0
DA:94,0
DA:103,3
DA:106,3
DA:107,3
DA:108,3
DA:110,3
DA:111,3
DA:112,3
DA:116,3
DA:117,3
DA:118,3
DA:119,3
DA:120,3
DA:121,3
DA:124,3
DA:127,3
DA:128,3
DA:129,3
DA:130,3
DA:131,2
DA:132,2
DA:135,3
DA:136,3
DA:138,3
DA:147,12
DA:150,12
DA:151,2
DA:152,2
DA:153,2
DA:154,0
DA:155,0
DA:160,12
DA:169,18
DA:174,18
DA:177,13
DA:178,11
DA:179,11
DA:183,2
DA:184,1
DA:185,1
DA:188,1
DA:195,7
DA:200,7
DA:202,6
DA:203,6
DA:204,6
DA:207,0
DA:208,0
DA:209,0
DA:212,0
DA:219,9
DA:230,10
DA:236,10
DA:244,4
DA:245,4
DA:246,4
DA:247,4
DA:249,4
DA:256,15
DA:257,12
DA:258,1
DA:260,11
DA:261,11
DA:263,0
DA:270,7
DA:271,7
DA:272,7
DA:274,7
DA:275,8
DA:276,8
DA:278,4
DA:281,4
DA:289,2
DA:290,2
DA:291,2
DA:293,2
DA:312,0
DA:313,0
DA:316,0
DA:317,0
DA:324,2
DA:333,2
LF:122
LH:77
BRDA:15,0,0,2
BRDA:15,0,1,2
BRDA:16,1,0,2
BRDA:16,1,1,2
BRDA:17,2,0,2
BRDA:17,2,1,2
BRDA:106,3,0,3
BRDA:106,3,1,0
BRDA:110,4,0,3
BRDA:110,4,1,0
BRDA:119,5,0,3
BRDA:119,5,1,0
BRDA:130,6,0,2
BRDA:130,6,1,1
BRDA:147,7,0,12
BRDA:147,7,1,3
BRDA:147,7,2,2
BRDA:147,7,3,2
BRDA:150,8,0,2
BRDA:150,8,1,10
BRDA:153,9,0,0
BRDA:153,9,1,2
BRDA:153,10,0,2
BRDA:153,10,1,2
BRDA:160,11,0,10
BRDA:160,11,1,2
BRDA:169,12,0,18
BRDA:169,12,1,6
BRDA:169,12,2,5
BRDA:169,12,3,5
BRDA:174,13,0,5
BRDA:174,13,1,13
BRDA:177,14,0,11
BRDA:177,14,1,2
BRDA:183,15,0,1
BRDA:183,15,1,1
BRDA:195,16,0,7
BRDA:195,16,1,1
BRDA:195,16,2,1
BRDA:195,16,3,1
BRDA:200,17,0,1
BRDA:200,17,1,6
BRDA:202,18,0,6
BRDA:202,18,1,0
BRDA:207,19,0,0
BRDA:207,19,1,0
BRDA:219,20,0,9
BRDA:219,20,1,2
BRDA:219,20,2,1
BRDA:219,20,3,1
BRDA:219,20,4,1
BRDA:230,21,0,10
BRDA:230,21,1,0
BRDA:230,21,2,0
BRDA:230,21,3,0
BRDA:230,21,4,0
BRDA:236,22,0,2
BRDA:236,22,1,8
BRDA:245,23,0,4
BRDA:245,23,1,0
BRDA:256,24,0,3
BRDA:256,24,1,12
BRDA:257,25,0,1
BRDA:257,25,1,11
BRDA:260,26,0,11
BRDA:260,26,1,0
BRDA:269,27,0,3
BRDA:270,28,0,7
BRDA:270,28,1,3
BRDA:276,29,0,4
BRDA:276,29,1,4
BRDA:299,30,0,2
BRDA:299,30,1,1
BRDA:299,30,2,0
BRDA:301,31,0,2
BRDA:301,31,1,0
BRDA:302,32,0,2
BRDA:302,32,1,0
BRDA:311,33,0,0
BRDA:312,34,0,0
BRDA:312,34,1,0
BRF:81
BRH:62
end_of_record
TN:
SF:services/symbol-registry/yahoo_metadata_populator.js
FN:12,debug
FN:29,(anonymous_1)
FN:47,(anonymous_2)
FN:54,(anonymous_3)
FN:78,(anonymous_4)
FN:120,(anonymous_5)
FN:121,(anonymous_6)
FN:127,(anonymous_7)
FN:148,(anonymous_8)
FN:164,(anonymous_9)
FN:205,(anonymous_10)
FN:222,(anonymous_11)
FN:322,(anonymous_12)
FN:371,(anonymous_13)
FN:377,(anonymous_14)
FN:403,(anonymous_15)
FN:416,(anonymous_16)
FN:426,(anonymous_17)
FN:446,(anonymous_18)
FN:471,(anonymous_19)
FN:529,(anonymous_20)
FNF:21
FNH:18
FNDA:136,debug
FNDA:48,(anonymous_1)
FNDA:2,(anonymous_2)
FNDA:16,(anonymous_3)
FNDA:31,(anonymous_4)
FNDA:11,(anonymous_5)
FNDA:11,(anonymous_6)
FNDA:38,(anonymous_7)
FNDA:1,(anonymous_8)
FNDA:18,(anonymous_9)
FNDA:0,(anonymous_10)
FNDA:14,(anonymous_11)
FNDA:4,(anonymous_12)
FNDA:0,(anonymous_13)
FNDA:0,(anonymous_14)
FNDA:2,(anonymous_15)
FNDA:1,(anonymous_16)
FNDA:2,(anonymous_17)
FNDA:3,(anonymous_18)
FNDA:3,(anonymous_19)
FNDA:1,(anonymous_20)
DA:10,1
DA:13,136
DA:14,0
DA:19,1
DA:30,48
DA:31,48
DA:32,48
DA:33,48
DA:34,48
DA:48,2
DA:55,16
DA:56,16
DA:57,16
DA:67,16
DA:68,15
DA:70,16
DA:79,31
DA:80,31
DA:81,18
DA:90,13
DA:91,0
DA:100,13
DA:102,9
DA:103,9
DA:104,9
DA:107,4
DA:121,11
DA:128,38
DA:130,36
DA:149,1
DA:158,1
DA:165,18
DA:183,18
DA:184,18
DA:186,17
DA:206,0
DA:215,0
DA:216,0
DA:223,14
DA:224,14
DA:225,14
DA:231,14
DA:232,14
DA:233,16
DA:234,16
DA:237,16
DA:239,16
DA:241,16
DA:243,15
DA:244,15
DA:247,15
DA:255,15
DA:260,15
DA:262,15
DA:263,15
DA:266,15
DA:267,15
DA:268,15
DA:271,0
DA:274,15
DA:275,15
DA:276,15
DA:279,1
DA:280,0
DA:281,0
DA:283,0
DA:284,0
DA:286,0
DA:289,1
DA:291,1
DA:292,1
DA:295,16
DA:296,16
DA:299,16
DA:300,2
DA:303,0
DA:304,0
DA:305,0
DA:306,0
DA:307,0
DA:308,0
DA:312,14
DA:313,14
DA:316,14
DA:323,4
DA:324,1
DA:327,3
DA:328,3
DA:329,3
DA:338,3
DA:339,3
DA:341,3
DA:342,12
DA:343,12
DA:348,12
DA:350,12
DA:352,2
DA:355,10
DA:356,10
DA:359,3
DA:360,3
DA:362,3
DA:364,3
DA:372,0
DA:373,0
DA:377,0
DA:378,0
DA:379,0
DA:380,0
DA:383,0
DA:387,0
DA:390,0
DA:394,0
DA:404,2
DA:405,1
DA:406,1
DA:407,1
DA:410,1
DA:417,1
DA:427,2
DA:428,2
DA:429,2
DA:436,2
DA:437,2
DA:439,2
DA:447,3
DA:448,3
DA:449,3
DA:457,3
DA:458,3
DA:460,3
DA:462,2
DA:464,3
DA:472,3
DA:473,3
DA:475,3
DA:479,3
DA:481,3
DA:482,1
DA:485,2
DA:488,2
DA:490,2
DA:491,1
DA:493,1
DA:501,1
DA:507,1
DA:510,1
DA:511,1
DA:514,0
DA:517,1
DA:519,1
DA:522,3
DA:530,1
DA:531,1
DA:532,1
DA:540,1
DA:542,1
DA:544,1
DA:549,1
LF:159
LH:131
BRDA:10,0,0,1
BRDA:10,0,1,1
BRDA:13,1,0,0
BRDA:13,1,1,136
BRDA:20,2,0,1
BRDA:20,2,1,1
BRDA:21,3,0,1
BRDA:21,3,1,1
BRDA:22,4,0,1
BRDA:22,4,1,1
BRDA:23,5,0,1
BRDA:23,5,1,1
BRDA:24,6,0,1
BRDA:24,6,1,1
BRDA:26,7,0,1
BRDA:26,7,1,1
BRDA:54,8,0,0
BRDA:68,9,0,15
BRDA:68,9,1,0
BRDA:78,10,0,22
BRDA:90,11,0,0
BRDA:90,11,1,13
BRDA:100,12,0,9
BRDA:100,12,1,4
BRDA:128,13,0,2
BRDA:128,13,1,36
BRDA:131,14,0,36
BRDA:131,14,1,2
BRDA:184,15,0,1
BRDA:184,15,1,17
BRDA:241,16,0,15
BRDA:241,16,1,1
BRDA:241,17,0,16
BRDA:241,17,1,15
BRDA:244,18,0,15
BRDA:244,18,1,0
BRDA:279,19,0,0
BRDA:279,19,1,1
BRDA:280,20,0,0
BRDA:280,20,1,0
BRDA:289,21,0,1
BRDA:289,21,1,0
BRDA:299,22,0,2
BRDA:299,22,1,14
BRDA:322,23,0,1
BRDA:323,24,0,1
BRDA:323,24,1,3
BRDA:327,25,0,3
BRDA:327,25,1,0
BRDA:350,26,0,2
BRDA:350,26,1,10
BRDA:372,27,0,0
BRDA:372,27,1,0
BRDA:384,28,0,0
BRDA:384,28,1,0
BRDA:404,29,0,1
BRDA:404,29,1,1
BRDA:460,30,0,1
BRDA:460,30,1,2
BRDA:481,31,0,1
BRDA:481,31,1,2
BRDA:481,32,0,3
BRDA:481,32,1,3
BRDA:490,33,0,1
BRDA:490,33,1,1
BRDA:490,34,0,2
BRDA:490,34,1,1
BRDA:529,35,0,0
BRF:68
BRH:53
end_of_record
